Using pre-set license
Built from '2021.2/staging' branch; Version is '2021.2.7f1 (6bd9e232123f) revision 7068130'; Using compiler version '192829333'; Build Type 'Release'
OS: 'Windows 10  (10.0.19044) 64bit Professional' Language: 'en' Physical Memory: 65446 MB
BatchMode: 1, IsHumanControllingUs: 0, StartBugReporterOnCrash: 0, Is64bit: 1, IsPro: 0

COMMAND LINE ARGUMENTS:
C:\Program Files\Unity\Hub\Editor\2021.2.7f1\Editor\Unity.exe
-adb2
-batchMode
-noUpm
-name
AssetImportWorker28
-projectPath
C:/Users/nmela/Projects/Portfolios/UI Projects
-logFile
Logs/AssetImportWorker28.log
-srvPort
63059
Successfully changed project path to: C:/Users/nmela/Projects/Portfolios/UI Projects
C:/Users/nmela/Projects/Portfolios/UI Projects
[UnityMemory] Configuration Parameters - Can be set up in boot.config
    "memorysetup-bucket-allocator-granularity=16"
    "memorysetup-bucket-allocator-bucket-count=8"
    "memorysetup-bucket-allocator-block-size=33554432"
    "memorysetup-bucket-allocator-block-count=8"
    "memorysetup-main-allocator-block-size=16777216"
    "memorysetup-thread-allocator-block-size=16777216"
    "memorysetup-gfx-main-allocator-block-size=16777216"
    "memorysetup-gfx-thread-allocator-block-size=16777216"
    "memorysetup-cache-allocator-block-size=4194304"
    "memorysetup-typetree-allocator-block-size=2097152"
    "memorysetup-profiler-bucket-allocator-granularity=16"
    "memorysetup-profiler-bucket-allocator-bucket-count=8"
    "memorysetup-profiler-bucket-allocator-block-size=33554432"
    "memorysetup-profiler-bucket-allocator-block-count=8"
    "memorysetup-profiler-allocator-block-size=16777216"
    "memorysetup-profiler-editor-allocator-block-size=1048576"
    "memorysetup-temp-allocator-size-main=16777216"
    "memorysetup-job-temp-allocator-block-size=2097152"
    "memorysetup-job-temp-allocator-block-size-background=1048576"
    "memorysetup-job-temp-allocator-reduction-small-platforms=262144"
    "memorysetup-temp-allocator-size-background-worker=32768"
    "memorysetup-temp-allocator-size-job-worker=262144"
    "memorysetup-temp-allocator-size-preload-manager=33554432"
    "memorysetup-temp-allocator-size-nav-mesh-worker=65536"
    "memorysetup-temp-allocator-size-audio-worker=65536"
    "memorysetup-temp-allocator-size-cloud-worker=32768"
    "memorysetup-temp-allocator-size-gi-baking-worker=262144"
    "memorysetup-temp-allocator-size-gfx=262144"
Refreshing native plugins compatible for Editor in 90.89 ms, found 3 plugins.
Preloading 0 native plugins for Editor in 0.00 ms.
Initialize engine version: 2021.2.7f1 (6bd9e232123f)
[Subsystems] Discovering subsystems at path C:/Program Files/Unity/Hub/Editor/2021.2.7f1/Editor/Data/Resources/UnitySubsystems
[Subsystems] Discovering subsystems at path C:/Users/nmela/Projects/Portfolios/UI Projects/Assets
GfxDevice: creating device client; threaded=0; jobified=0
Direct3D:
    Version:  Direct3D 11.0 [level 11.1]
    Renderer: AMD Radeon RX 6900 XT (ID=0x73bf)
    Vendor:   ATI
    VRAM:     16338 MB
    Driver:   30.0.14011.3017
Initialize mono
Mono path[0] = 'C:/Program Files/Unity/Hub/Editor/2021.2.7f1/Editor/Data/Managed'
Mono path[1] = 'C:/Program Files/Unity/Hub/Editor/2021.2.7f1/Editor/Data/MonoBleedingEdge/lib/mono/unityjit-win32'
Mono config path = 'C:/Program Files/Unity/Hub/Editor/2021.2.7f1/Editor/Data/MonoBleedingEdge/etc'
Using monoOptions --debugger-agent=transport=dt_socket,embedding=1,server=y,suspend=n,address=127.0.0.1:56584
Begin MonoManager ReloadAssembly
Registering precompiled unity dll's ...
Register platform support module: C:/Program Files/Unity/Hub/Editor/2021.2.7f1/Editor/Data/PlaybackEngines/WebGLSupport/UnityEditor.WebGL.Extensions.dll
Register platform support module: C:/Program Files/Unity/Hub/Editor/2021.2.7f1/Editor/Data/PlaybackEngines/WindowsStandaloneSupport/UnityEditor.WindowsStandalone.Extensions.dll
Registered in 0.006935 seconds.
Native extension for WindowsStandalone target not found
Native extension for WebGL target not found
Refreshing native plugins compatible for Editor in 80.61 ms, found 3 plugins.
Preloading 0 native plugins for Editor in 0.00 ms.
Mono: successfully reloaded assembly
- Completed reload, in  0.474 seconds
Domain Reload Profiling:
	ReloadAssembly (474ms)
		BeginReloadAssembly (59ms)
			ExecutionOrderSort (0ms)
			DisableScriptedObjects (0ms)
			BackupInstance (0ms)
			ReleaseScriptingObjects (0ms)
			CreateAndSetChildDomain (1ms)
		EndReloadAssembly (352ms)
			LoadAssemblies (57ms)
			RebuildTransferFunctionScriptingTraits (0ms)
			SetupTypeCache (73ms)
			ReleaseScriptCaches (0ms)
			RebuildScriptCaches (20ms)
			SetupLoadedEditorAssemblies (219ms)
				LogAssemblyErrors (0ms)
				InitializePlatformSupportModulesInManaged (12ms)
				SetLoadedEditorAssemblies (0ms)
				RefreshPlugins (81ms)
				BeforeProcessingInitializeOnLoad (1ms)
				ProcessInitializeOnLoadAttributes (92ms)
				ProcessInitializeOnLoadMethodAttributes (32ms)
				AfterProcessingInitializeOnLoad (0ms)
				EditorAssembliesLoaded (0ms)
			ExecutionOrderSort2 (0ms)
			AwakeInstancesAfterBackupRestoration (0ms)
Platform modules already initialized, skipping
Registering precompiled user dll's ...
Registered in 0.006402 seconds.
Begin MonoManager ReloadAssembly
Symbol file LoadedFromMemory doesn't match image C:\Users\nmela\Projects\Portfolios\UI Projects\Library\PackageCache\com.unity.visualscripting@1.7.6\Editor\VisualScripting.Core\Dependencies\YamlDotNet\Unity.VisualScripting.YamlDotNet.dll
Symbol file LoadedFromMemory doesn't match image C:\Users\nmela\Projects\Portfolios\UI Projects\Library\PackageCache\com.unity.visualscripting@1.7.6\Editor\VisualScripting.Core\Dependencies\DotNetZip\Unity.VisualScripting.IonicZip.dll
Native extension for WindowsStandalone target not found
Native extension for WebGL target not found
Refreshing native plugins compatible for Editor in 0.93 ms, found 3 plugins.
Preloading 0 native plugins for Editor in 0.00 ms.
Mono: successfully reloaded assembly
- Completed reload, in  0.753 seconds
Domain Reload Profiling:
	ReloadAssembly (754ms)
		BeginReloadAssembly (91ms)
			ExecutionOrderSort (0ms)
			DisableScriptedObjects (5ms)
			BackupInstance (0ms)
			ReleaseScriptingObjects (0ms)
			CreateAndSetChildDomain (17ms)
		EndReloadAssembly (580ms)
			LoadAssemblies (66ms)
			RebuildTransferFunctionScriptingTraits (0ms)
			SetupTypeCache (182ms)
			ReleaseScriptCaches (0ms)
			RebuildScriptCaches (36ms)
			SetupLoadedEditorAssemblies (272ms)
				LogAssemblyErrors (0ms)
				InitializePlatformSupportModulesInManaged (11ms)
				SetLoadedEditorAssemblies (0ms)
				RefreshPlugins (1ms)
				BeforeProcessingInitializeOnLoad (65ms)
				ProcessInitializeOnLoadAttributes (170ms)
				ProcessInitializeOnLoadMethodAttributes (17ms)
				AfterProcessingInitializeOnLoad (8ms)
				EditorAssembliesLoaded (0ms)
			ExecutionOrderSort2 (0ms)
			AwakeInstancesAfterBackupRestoration (4ms)
Platform modules already initialized, skipping
========================================================================
Worker process is ready to serve import requests
Launched and connected shader compiler UnityShaderCompiler.exe after 0.05 seconds
Refreshing native plugins compatible for Editor in 1.57 ms, found 3 plugins.
Preloading 0 native plugins for Editor in 0.00 ms.
Unloading 3400 Unused Serialized files (Serialized files now loaded: 0)
Unloading 27 unused Assets / (112.7 KB). Loaded Objects now: 3859.
Memory consumption went from 122.7 MB to 122.6 MB.
Total: 2.884300 ms (FindLiveObjects: 0.265300 ms CreateObjectMapping: 0.176900 ms MarkObjects: 2.321300 ms  DeleteObjects: 0.119200 ms)

AssetImportParameters requested are different than current active one (requested -> active):
  custom:video-decoder-ogg-theora: a1e56fd34408186e4bbccfd4996cb3dc -> 
  custom:container-muxer-webm: aa71ff27fc2769a1b78a27578f13a17b -> 
  custom:container-demuxer-webm: 4f35f7cbe854078d1ac9338744f61a02 -> 
  custom:video-encoder-webm-vp8: eb34c28f22e8b96e1ab97ce403110664 -> 
  custom:audio-encoder-webm-vorbis: bf7c407c2cedff20999df2af8eb42d56 -> 
  custom:framework-win-MediaFoundation: 216162199b28c13a410421893ffa2e32 -> 
  custom:container-demuxer-ogg: 62fdf1f143b41e24485cea50d1cbac27 -> 
  custom:video-decoder-webm-vp8: 9c59270c3fd7afecdb556c50c9e8de78 -> 
  custom:audio-decoder-ogg-vorbis: bf7c407c2cedff20999df2af8eb42d56 -> 
========================================================================
Received Import Request.
  Time since last request: 376904.776773 seconds.
  path: Assets/GitIgnore/GUI PRO Kit - Sci-Fi/ResourcesData/Sprite/Demo/Demo_Image/Image_Glow_Circle03_White.png
  artifactKey: Guid(90971550b7132409da38c80e75d793dc) Importer(815301076,1909f56bfc062723c751e8b465ee728b)
Start importing Assets/GitIgnore/GUI PRO Kit - Sci-Fi/ResourcesData/Sprite/Demo/Demo_Image/Image_Glow_Circle03_White.png using Guid(90971550b7132409da38c80e75d793dc) Importer(815301076,1909f56bfc062723c751e8b465ee728b)  -> (artifact id: '24ee23a417bd9009e84c78636e327df5') in 0.113142 seconds 
========================================================================
Received Import Request.
  Time since last request: 0.000016 seconds.
  path: Assets/GitIgnore/GUI PRO Kit - Sci-Fi/ResourcesData/Sprite/Demo/Demo_Image/Image_Glow_DropDown01_White.png
  artifactKey: Guid(cf102bfc2e1164cfcbb976e04d8c4fb0) Importer(815301076,1909f56bfc062723c751e8b465ee728b)
Start importing Assets/GitIgnore/GUI PRO Kit - Sci-Fi/ResourcesData/Sprite/Demo/Demo_Image/Image_Glow_DropDown01_White.png using Guid(cf102bfc2e1164cfcbb976e04d8c4fb0) Importer(815301076,1909f56bfc062723c751e8b465ee728b)  -> (artifact id: '9810a6bc0fb3dcd1cbd9acb112f22eb7') in 0.054173 seconds 
========================================================================
Received Import Request.
  Time since last request: 0.000017 seconds.
  path: Assets/GitIgnore/GUI PRO Kit - Fantasy RPG/ResourcesData/Sprites/Demo/Demo_Icon/icon_white_arrow_prev.png
  artifactKey: Guid(eebc9cc52c36f41f2849d2325c077599) Importer(815301076,1909f56bfc062723c751e8b465ee728b)
Start importing Assets/GitIgnore/GUI PRO Kit - Fantasy RPG/ResourcesData/Sprites/Demo/Demo_Icon/icon_white_arrow_prev.png using Guid(eebc9cc52c36f41f2849d2325c077599) Importer(815301076,1909f56bfc062723c751e8b465ee728b)  -> (artifact id: '05006f82e97a70dccb1ff87048739f5d') in 0.014730 seconds 
========================================================================
Received Import Request.
  Time since last request: 0.000020 seconds.
  path: Assets/GitIgnore/GUI PRO Kit - Sci-Fi/ResourcesData/Sprite/Demo/Demo_Image/Image_Deco_Circle01_1.png
  artifactKey: Guid(02a22c734d10b412d97f8f3c96931a04) Importer(815301076,1909f56bfc062723c751e8b465ee728b)
Start importing Assets/GitIgnore/GUI PRO Kit - Sci-Fi/ResourcesData/Sprite/Demo/Demo_Image/Image_Deco_Circle01_1.png using Guid(02a22c734d10b412d97f8f3c96931a04) Importer(815301076,1909f56bfc062723c751e8b465ee728b)  -> (artifact id: '80a451e0f742a62292604a151325a06b') in 0.050360 seconds 
========================================================================
Received Import Request.
  Time since last request: 0.000021 seconds.
  path: Assets/GitIgnore/GUI PRO Kit - Sci-Fi/ResourcesData/Sprite/Component/Icon_FunctionIcons(x2)/64/Icon_Zoomin.Png
  artifactKey: Guid(329b03bc64f8d4ae19f2146d87d9ac8a) Importer(815301076,1909f56bfc062723c751e8b465ee728b)
Start importing Assets/GitIgnore/GUI PRO Kit - Sci-Fi/ResourcesData/Sprite/Component/Icon_FunctionIcons(x2)/64/Icon_Zoomin.Png using Guid(329b03bc64f8d4ae19f2146d87d9ac8a) Importer(815301076,1909f56bfc062723c751e8b465ee728b)  -> (artifact id: 'dbdf40ab7b8f17ca8989c67ccde26bf6') in 0.019535 seconds 
========================================================================
Received Import Request.
  Time since last request: 0.000019 seconds.
  path: Assets/GitIgnore/GUI PRO Kit - Fantasy RPG/ResourcesData/Sprites/Demo/Demo_Icon/icon_white_booster_power.png
  artifactKey: Guid(92c58514eeafb4d69ab3fa4044df4751) Importer(815301076,1909f56bfc062723c751e8b465ee728b)
Start importing Assets/GitIgnore/GUI PRO Kit - Fantasy RPG/ResourcesData/Sprites/Demo/Demo_Icon/icon_white_booster_power.png using Guid(92c58514eeafb4d69ab3fa4044df4751) Importer(815301076,1909f56bfc062723c751e8b465ee728b)  -> (artifact id: '6c89c5c3487e484e1941747fa6b622e0') in 0.013500 seconds 
========================================================================
Received Import Request.
  Time since last request: 0.000017 seconds.
  path: Assets/GitIgnore/GUI PRO Kit - Sci-Fi/ResourcesData/Sprite/Demo/Demo_Image/Image_Effect_Sparkle08_Sample.png
  artifactKey: Guid(b9ce072cdb982454fae3a88f80635c33) Importer(815301076,1909f56bfc062723c751e8b465ee728b)
Start importing Assets/GitIgnore/GUI PRO Kit - Sci-Fi/ResourcesData/Sprite/Demo/Demo_Image/Image_Effect_Sparkle08_Sample.png using Guid(b9ce072cdb982454fae3a88f80635c33) Importer(815301076,1909f56bfc062723c751e8b465ee728b)  -> (artifact id: 'b009b8d02110caae6c0f2b64aec6e533') in 0.095960 seconds 
========================================================================
Received Import Request.
  Time since last request: 0.996272 seconds.
  path: Assets/GitIgnore/GUI PRO Kit - Sci-Fi/ResourcesData/Sprite/Demo/Demo_Image/Image_Tiled_Grid.png
  artifactKey: Guid(93db72e2c622e4a54b1ccab49e2ee598) Importer(815301076,1909f56bfc062723c751e8b465ee728b)
Start importing Assets/GitIgnore/GUI PRO Kit - Sci-Fi/ResourcesData/Sprite/Demo/Demo_Image/Image_Tiled_Grid.png using Guid(93db72e2c622e4a54b1ccab49e2ee598) Importer(815301076,1909f56bfc062723c751e8b465ee728b)  -> (artifact id: '99b47be1f48c66ad080bb81c44628f52') in 0.041360 seconds 
========================================================================
Received Import Request.
  Time since last request: 0.000025 seconds.
  path: Assets/GitIgnore/GUI PRO Kit - Sci-Fi/ResourcesData/Sprite/Component/Icon_ItemIcons(Original)/Item_Icon_Axe.Png
  artifactKey: Guid(437d5ac11c6c34c1ca3efef2000e7f12) Importer(815301076,1909f56bfc062723c751e8b465ee728b)
Start importing Assets/GitIgnore/GUI PRO Kit - Sci-Fi/ResourcesData/Sprite/Component/Icon_ItemIcons(Original)/Item_Icon_Axe.Png using Guid(437d5ac11c6c34c1ca3efef2000e7f12) Importer(815301076,1909f56bfc062723c751e8b465ee728b)  -> (artifact id: 'fd6ea7d7419c42e3bb8d263295fa93cc') in 0.024981 seconds 
========================================================================
Received Import Request.
  Time since last request: 0.000018 seconds.
  path: Assets/GitIgnore/GUI PRO Kit - Sci-Fi/ResourcesData/Sprite/Demo/Demo_ItemIcon/Item_GunIcon_Large_Ar.png
  artifactKey: Guid(09155c0484d834563b88c391bdd51658) Importer(815301076,1909f56bfc062723c751e8b465ee728b)
Start importing Assets/GitIgnore/GUI PRO Kit - Sci-Fi/ResourcesData/Sprite/Demo/Demo_ItemIcon/Item_GunIcon_Large_Ar.png using Guid(09155c0484d834563b88c391bdd51658) Importer(815301076,1909f56bfc062723c751e8b465ee728b)  -> (artifact id: '3780574f2a73d14a5502fe09fcc9a26b') in 0.048081 seconds 
========================================================================
Received Import Request.
  Time since last request: 0.000015 seconds.
  path: Assets/GitIgnore/GUI PRO Kit - Sci-Fi/ResourcesData/Sprite/Component/Icon_ItemIcons(Original)/Item_Icon_Bullet_Silver.Png
  artifactKey: Guid(c07d651ea78b248d1844ae292931783c) Importer(815301076,1909f56bfc062723c751e8b465ee728b)
Start importing Assets/GitIgnore/GUI PRO Kit - Sci-Fi/ResourcesData/Sprite/Component/Icon_ItemIcons(Original)/Item_Icon_Bullet_Silver.Png using Guid(c07d651ea78b248d1844ae292931783c) Importer(815301076,1909f56bfc062723c751e8b465ee728b)  -> (artifact id: 'd333880e6089f38a256bcb92ac11e2a3') in 0.017652 seconds 
========================================================================
Received Import Request.
  Time since last request: 0.000024 seconds.
  path: Assets/GitIgnore/GUI PRO Kit - Sci-Fi/ResourcesData/Sprite/Component/Icon_ItemIcons(Original)/Item_Icon_Canteen.Png
  artifactKey: Guid(1637f4333285e499a9526c0031ca99cd) Importer(815301076,1909f56bfc062723c751e8b465ee728b)
Start importing Assets/GitIgnore/GUI PRO Kit - Sci-Fi/ResourcesData/Sprite/Component/Icon_ItemIcons(Original)/Item_Icon_Canteen.Png using Guid(1637f4333285e499a9526c0031ca99cd) Importer(815301076,1909f56bfc062723c751e8b465ee728b)  -> (artifact id: '3a8fb634aee0f0349b2f43979dbd97d4') in 0.017639 seconds 
========================================================================
Received Import Request.
  Time since last request: 0.159861 seconds.
  path: Assets/GitIgnore/GUI PRO Kit - Sci-Fi/ResourcesData/Sprite/Component/Icon_ItemIcons(Original)/Item_Icon_Compass.Png
  artifactKey: Guid(882eb2669f7af42b199d66cd5e0159a5) Importer(815301076,1909f56bfc062723c751e8b465ee728b)
Start importing Assets/GitIgnore/GUI PRO Kit - Sci-Fi/ResourcesData/Sprite/Component/Icon_ItemIcons(Original)/Item_Icon_Compass.Png using Guid(882eb2669f7af42b199d66cd5e0159a5) Importer(815301076,1909f56bfc062723c751e8b465ee728b)  -> (artifact id: 'f3a932fec7ca8cbfd9da3c69bc544859') in 0.021224 seconds 
========================================================================
Received Import Request.
  Time since last request: 0.000019 seconds.
  path: Assets/GitIgnore/GUI PRO Kit - Sci-Fi/ResourcesData/Sprite/Component/Icon_ItemIcons(Original)/Item_Icon_Gift_White.Png
  artifactKey: Guid(0adf5991e9c7242cab8b3822eeee5a44) Importer(815301076,1909f56bfc062723c751e8b465ee728b)
Start importing Assets/GitIgnore/GUI PRO Kit - Sci-Fi/ResourcesData/Sprite/Component/Icon_ItemIcons(Original)/Item_Icon_Gift_White.Png using Guid(0adf5991e9c7242cab8b3822eeee5a44) Importer(815301076,1909f56bfc062723c751e8b465ee728b)  -> (artifact id: '1c0a0e461f7c822681031d713d520242') in 0.024710 seconds 
========================================================================
Received Import Request.
  Time since last request: 0.000019 seconds.
  path: Assets/GitIgnore/GUI PRO Kit - Sci-Fi/ResourcesData/Sprite/Component/Icon_ItemIcons(Original)/Item_Icon_Knife.Png
  artifactKey: Guid(8cce3e31efb4846b9984c5212b942885) Importer(815301076,1909f56bfc062723c751e8b465ee728b)
Start importing Assets/GitIgnore/GUI PRO Kit - Sci-Fi/ResourcesData/Sprite/Component/Icon_ItemIcons(Original)/Item_Icon_Knife.Png using Guid(8cce3e31efb4846b9984c5212b942885) Importer(815301076,1909f56bfc062723c751e8b465ee728b)  -> (artifact id: 'be5daaee998d5df2b57019a837d40199') in 0.023052 seconds 
========================================================================
Received Import Request.
  Time since last request: 0.000015 seconds.
  path: Assets/GitIgnore/GUI PRO Kit - Sci-Fi/ResourcesData/Sprite/Component/Icon_ItemIcons(Original)/Item_Icon_Lever.Png
  artifactKey: Guid(b90094b15581d4fa5bdfc2ff48b795a7) Importer(815301076,1909f56bfc062723c751e8b465ee728b)
Start importing Assets/GitIgnore/GUI PRO Kit - Sci-Fi/ResourcesData/Sprite/Component/Icon_ItemIcons(Original)/Item_Icon_Lever.Png using Guid(b90094b15581d4fa5bdfc2ff48b795a7) Importer(815301076,1909f56bfc062723c751e8b465ee728b)  -> (artifact id: '5de4e9eb4442d8a17b329b80ded1ce72') in 0.020013 seconds 
========================================================================
Received Import Request.
  Time since last request: 0.000013 seconds.
  path: Assets/GitIgnore/GUI PRO Kit - Sci-Fi/ResourcesData/Sprite/Component/Icon_ItemIcons(Original)/Item_Icon_Radio.Png
  artifactKey: Guid(bf5ffe3d01301428d9244e33f3cfd403) Importer(815301076,1909f56bfc062723c751e8b465ee728b)
Start importing Assets/GitIgnore/GUI PRO Kit - Sci-Fi/ResourcesData/Sprite/Component/Icon_ItemIcons(Original)/Item_Icon_Radio.Png using Guid(bf5ffe3d01301428d9244e33f3cfd403) Importer(815301076,1909f56bfc062723c751e8b465ee728b)  -> (artifact id: 'cda6f27081e040c0db86ea1a7cc002eb') in 0.022065 seconds 
========================================================================
Received Import Request.
  Time since last request: 0.000015 seconds.
  path: Assets/GitIgnore/GUI PRO Kit - Sci-Fi/ResourcesData/Sprite/Component/Icon_ItemIcons(Original)/Item_Icon_Military_Number.Png
  artifactKey: Guid(0f1f1b065cf704885b5fd0a23a0689f1) Importer(815301076,1909f56bfc062723c751e8b465ee728b)
Start importing Assets/GitIgnore/GUI PRO Kit - Sci-Fi/ResourcesData/Sprite/Component/Icon_ItemIcons(Original)/Item_Icon_Military_Number.Png using Guid(0f1f1b065cf704885b5fd0a23a0689f1) Importer(815301076,1909f56bfc062723c751e8b465ee728b)  -> (artifact id: 'a44ed058a1ab07c8e4d68964882d8fe7') in 0.021358 seconds 
========================================================================
Received Import Request.
  Time since last request: 0.000014 seconds.
  path: Assets/GitIgnore/GUI PRO Kit - Sci-Fi/ResourcesData/Sprite/Component/Icon_ItemIcons(Original)/Item_Icon_Gps.Png
  artifactKey: Guid(247a52d56c14e47259248c36a88a84b8) Importer(815301076,1909f56bfc062723c751e8b465ee728b)
Start importing Assets/GitIgnore/GUI PRO Kit - Sci-Fi/ResourcesData/Sprite/Component/Icon_ItemIcons(Original)/Item_Icon_Gps.Png using Guid(247a52d56c14e47259248c36a88a84b8) Importer(815301076,1909f56bfc062723c751e8b465ee728b)  -> (artifact id: 'bd3cd34eb26a097377647b66d786efe1') in 0.017627 seconds 
========================================================================
Received Import Request.
  Time since last request: 0.145914 seconds.
  path: Assets/GitIgnore/GUI PRO Kit - Sci-Fi/ResourcesData/Sprite/Component/Icon_ItemIcons(Original)/Item_Icon_Spray.Png
  artifactKey: Guid(c08934aa2e6294fd79da230b9959ffa4) Importer(815301076,1909f56bfc062723c751e8b465ee728b)
Start importing Assets/GitIgnore/GUI PRO Kit - Sci-Fi/ResourcesData/Sprite/Component/Icon_ItemIcons(Original)/Item_Icon_Spray.Png using Guid(c08934aa2e6294fd79da230b9959ffa4) Importer(815301076,1909f56bfc062723c751e8b465ee728b)  -> (artifact id: '87e14bfb038719a9dbc38409719fb62c') in 0.019325 seconds 
========================================================================
Received Import Request.
  Time since last request: 0.000018 seconds.
  path: Assets/GitIgnore/GUI PRO Kit - Sci-Fi/ResourcesData/Sprite/Demo/Demo_ItemIcon/Item_RewardIcon_Bullet03.png
  artifactKey: Guid(ad409c1be5f0941b5a14d953b1d821dc) Importer(815301076,1909f56bfc062723c751e8b465ee728b)
Start importing Assets/GitIgnore/GUI PRO Kit - Sci-Fi/ResourcesData/Sprite/Demo/Demo_ItemIcon/Item_RewardIcon_Bullet03.png using Guid(ad409c1be5f0941b5a14d953b1d821dc) Importer(815301076,1909f56bfc062723c751e8b465ee728b)  -> (artifact id: '78e1d5bde63e69200659e9181aee8cf3') in 0.025157 seconds 
========================================================================
Received Import Request.
  Time since last request: 0.000014 seconds.
  path: Assets/GitIgnore/GUI PRO Kit - Sci-Fi/ResourcesData/Sprite/Demo/Demo_ItemIcon/Item_RewardIcon_Bullet02.png
  artifactKey: Guid(b175aa292fc3440f699da0a31bd2f555) Importer(815301076,1909f56bfc062723c751e8b465ee728b)
Start importing Assets/GitIgnore/GUI PRO Kit - Sci-Fi/ResourcesData/Sprite/Demo/Demo_ItemIcon/Item_RewardIcon_Bullet02.png using Guid(b175aa292fc3440f699da0a31bd2f555) Importer(815301076,1909f56bfc062723c751e8b465ee728b)  -> (artifact id: '1426d7c1a989b315ae33349a0c4af9ee') in 0.028459 seconds 
========================================================================
Received Import Request.
  Time since last request: 0.000034 seconds.
  path: Assets/GitIgnore/GUI PRO Kit - Sci-Fi/ResourcesData/Sprite/Demo/Demo_ItemIcon/Item_ShopIcon_Coin02.png
  artifactKey: Guid(8a07a77e31cc54e72b6d973e69624e3d) Importer(815301076,1909f56bfc062723c751e8b465ee728b)
Start importing Assets/GitIgnore/GUI PRO Kit - Sci-Fi/ResourcesData/Sprite/Demo/Demo_ItemIcon/Item_ShopIcon_Coin02.png using Guid(8a07a77e31cc54e72b6d973e69624e3d) Importer(815301076,1909f56bfc062723c751e8b465ee728b)  -> (artifact id: '45b7723a86b3ec132927b1b4f95b2f60') in 0.034019 seconds 
========================================================================
Received Import Request.
  Time since last request: 0.000014 seconds.
  path: Assets/GitIgnore/GUI PRO Kit - Sci-Fi/ResourcesData/Sprite/Demo/Demo_ItemIcon/Item_ShopIcon_Bullet01.Png
  artifactKey: Guid(a2a65ae2018ff42298435920ce8c1620) Importer(815301076,1909f56bfc062723c751e8b465ee728b)
Start importing Assets/GitIgnore/GUI PRO Kit - Sci-Fi/ResourcesData/Sprite/Demo/Demo_ItemIcon/Item_ShopIcon_Bullet01.Png using Guid(a2a65ae2018ff42298435920ce8c1620) Importer(815301076,1909f56bfc062723c751e8b465ee728b)  -> (artifact id: '33f27289fa8a49d820c9b604d794dff3') in 0.032761 seconds 
========================================================================
Received Import Request.
  Time since last request: 0.000019 seconds.
  path: Assets/GitIgnore/GUI PRO Kit - Sci-Fi/ResourcesData/Sprite/Demo/Demo_ItemIcon/Item_ShopIcon_BulletBox01.png
  artifactKey: Guid(2aaace5728b9a427e9d72fc28109b2be) Importer(815301076,1909f56bfc062723c751e8b465ee728b)
Start importing Assets/GitIgnore/GUI PRO Kit - Sci-Fi/ResourcesData/Sprite/Demo/Demo_ItemIcon/Item_ShopIcon_BulletBox01.png using Guid(2aaace5728b9a427e9d72fc28109b2be) Importer(815301076,1909f56bfc062723c751e8b465ee728b)  -> (artifact id: '8a201b9310a3b3f4edd20f45736952a0') in 0.035958 seconds 
========================================================================
Received Import Request.
  Time since last request: 62.585283 seconds.
  path: Assets/GitIgnore/GUI PRO Kit - Fantasy RPG/ResourcesData/Sprites/Component/Label/label_flag_01_red.png
  artifactKey: Guid(b43181d58752e46b48702ff5bab91825) Importer(815301076,1909f56bfc062723c751e8b465ee728b)
Start importing Assets/GitIgnore/GUI PRO Kit - Fantasy RPG/ResourcesData/Sprites/Component/Label/label_flag_01_red.png using Guid(b43181d58752e46b48702ff5bab91825) Importer(815301076,1909f56bfc062723c751e8b465ee728b)  -> (artifact id: '4dc337764c8c6cba428dc2346642687d') in 0.016297 seconds 
========================================================================
Received Import Request.
  Time since last request: 0.000018 seconds.
  path: Assets/GitIgnore/GUI PRO Kit - Fantasy RPG/ResourcesData/Sprites/Component/Label/label_ribbon_01.png
  artifactKey: Guid(da5db72ec48e840799f4a20440277192) Importer(815301076,1909f56bfc062723c751e8b465ee728b)
Start importing Assets/GitIgnore/GUI PRO Kit - Fantasy RPG/ResourcesData/Sprites/Component/Label/label_ribbon_01.png using Guid(da5db72ec48e840799f4a20440277192) Importer(815301076,1909f56bfc062723c751e8b465ee728b)  -> (artifact id: '056e288cf49880453ea54ea1c53866c1') in 0.014603 seconds 
========================================================================
Received Import Request.
  Time since last request: 122.053077 seconds.
  path: Assets/GitIgnore/GUI PRO Kit - Fantasy RPG/ResourcesData/Sprites/Demo/Demo_Icon/icon_color_gold_00.png
  artifactKey: Guid(f90931864524c4d51845c8d771dfb44b) Importer(815301076,1909f56bfc062723c751e8b465ee728b)
Start importing Assets/GitIgnore/GUI PRO Kit - Fantasy RPG/ResourcesData/Sprites/Demo/Demo_Icon/icon_color_gold_00.png using Guid(f90931864524c4d51845c8d771dfb44b) Importer(815301076,1909f56bfc062723c751e8b465ee728b)  -> (artifact id: 'e5ef2aea05d4fb4b2b2fe30275c8237b') in 0.014455 seconds 
========================================================================
Received Import Request.
  Time since last request: 0.001220 seconds.
  path: Assets/GitIgnore/GUI PRO Kit - Fantasy RPG/ResourcesData/Sprites/Demo/Demo_Icon/icon_color_sns_apple.png
  artifactKey: Guid(a7c1a10972d01412490661187bb39a13) Importer(815301076,1909f56bfc062723c751e8b465ee728b)
Start importing Assets/GitIgnore/GUI PRO Kit - Fantasy RPG/ResourcesData/Sprites/Demo/Demo_Icon/icon_color_sns_apple.png using Guid(a7c1a10972d01412490661187bb39a13) Importer(815301076,1909f56bfc062723c751e8b465ee728b)  -> (artifact id: '1a036ecf6b98271da1741259e7081f48') in 0.013479 seconds 
========================================================================
Received Import Request.
  Time since last request: 0.000016 seconds.
  path: Assets/GitIgnore/GUI PRO Kit - Fantasy RPG/ResourcesData/Sprites/Demo/Demo_Icon/icon_star_rate_l.png
  artifactKey: Guid(b1265a1c4d0a34856b618cabc868c43a) Importer(815301076,1909f56bfc062723c751e8b465ee728b)
Start importing Assets/GitIgnore/GUI PRO Kit - Fantasy RPG/ResourcesData/Sprites/Demo/Demo_Icon/icon_star_rate_l.png using Guid(b1265a1c4d0a34856b618cabc868c43a) Importer(815301076,1909f56bfc062723c751e8b465ee728b)  -> (artifact id: '14571809b6c5e894d84ffb7fd262f711') in 0.018267 seconds 
========================================================================
Received Import Request.
  Time since last request: 0.000017 seconds.
  path: Assets/GitIgnore/GUI PRO Kit - Fantasy RPG/ResourcesData/Sprites/Demo/Demo_Icon/icon_color_sns_facebook.png
  artifactKey: Guid(b8613e90d39bd4854ac0b159c9c87ae3) Importer(815301076,1909f56bfc062723c751e8b465ee728b)
Start importing Assets/GitIgnore/GUI PRO Kit - Fantasy RPG/ResourcesData/Sprites/Demo/Demo_Icon/icon_color_sns_facebook.png using Guid(b8613e90d39bd4854ac0b159c9c87ae3) Importer(815301076,1909f56bfc062723c751e8b465ee728b)  -> (artifact id: 'ce4874071fa3c708e8ba44c9af31609b') in 0.012380 seconds 
========================================================================
Received Import Request.
  Time since last request: 0.000013 seconds.
  path: Assets/GitIgnore/GUI PRO Kit - Fantasy RPG/ResourcesData/Sprites/Demo/Demo_Icon/icon_color_medal_silver.png
  artifactKey: Guid(d60bb09f2e8b240f1916bc177e7ff4e5) Importer(815301076,1909f56bfc062723c751e8b465ee728b)
Start importing Assets/GitIgnore/GUI PRO Kit - Fantasy RPG/ResourcesData/Sprites/Demo/Demo_Icon/icon_color_medal_silver.png using Guid(d60bb09f2e8b240f1916bc177e7ff4e5) Importer(815301076,1909f56bfc062723c751e8b465ee728b)  -> (artifact id: '70e3fc6eda0b6d1597ffefd31c3a9b23') in 0.015242 seconds 
========================================================================
Received Import Request.
  Time since last request: 0.000019 seconds.
  path: Assets/GitIgnore/GUI PRO Kit - Fantasy RPG/ResourcesData/Sprites/Demo/Demo_Icon/icon_color_gold_02.png
  artifactKey: Guid(b2c956cfb47c640ea80fb559ed2f55f7) Importer(815301076,1909f56bfc062723c751e8b465ee728b)
Start importing Assets/GitIgnore/GUI PRO Kit - Fantasy RPG/ResourcesData/Sprites/Demo/Demo_Icon/icon_color_gold_02.png using Guid(b2c956cfb47c640ea80fb559ed2f55f7) Importer(815301076,1909f56bfc062723c751e8b465ee728b)  -> (artifact id: '31d97a2ea4ef046917bceec8252035bc') in 0.012467 seconds 
========================================================================
Received Import Request.
  Time since last request: 0.000020 seconds.
  path: Assets/GitIgnore/GUI PRO Kit - Fantasy RPG/ResourcesData/Sprites/Demo/Demo_Icon/icon_star_grade_l_d.png
  artifactKey: Guid(c9cfe975c43ed4fb787a78503be748c2) Importer(815301076,1909f56bfc062723c751e8b465ee728b)
Start importing Assets/GitIgnore/GUI PRO Kit - Fantasy RPG/ResourcesData/Sprites/Demo/Demo_Icon/icon_star_grade_l_d.png using Guid(c9cfe975c43ed4fb787a78503be748c2) Importer(815301076,1909f56bfc062723c751e8b465ee728b)  -> (artifact id: '6d0bc156eb4b522686ed76079445237b') in 0.012309 seconds 
========================================================================
Received Import Request.
  Time since last request: 0.000016 seconds.
  path: Assets/GitIgnore/GUI PRO Kit - Fantasy RPG/ResourcesData/Sprites/Demo/Demo_Icon/icon_star_grade_s.png
  artifactKey: Guid(c5cde321110314fd7bfa6b1fd5810597) Importer(815301076,1909f56bfc062723c751e8b465ee728b)
Start importing Assets/GitIgnore/GUI PRO Kit - Fantasy RPG/ResourcesData/Sprites/Demo/Demo_Icon/icon_star_grade_s.png using Guid(c5cde321110314fd7bfa6b1fd5810597) Importer(815301076,1909f56bfc062723c751e8b465ee728b)  -> (artifact id: '1b661bbd98a40565f694de208f0c45e4') in 0.010912 seconds 
========================================================================
Received Import Request.
  Time since last request: 0.000021 seconds.
  path: Assets/GitIgnore/GUI PRO Kit - Fantasy RPG/ResourcesData/Sprites/Demo/Demo_Icon/icon_color_lock_l.png
  artifactKey: Guid(4d994859ab9984da1bf99b0192dd6132) Importer(815301076,1909f56bfc062723c751e8b465ee728b)
Start importing Assets/GitIgnore/GUI PRO Kit - Fantasy RPG/ResourcesData/Sprites/Demo/Demo_Icon/icon_color_lock_l.png using Guid(4d994859ab9984da1bf99b0192dd6132) Importer(815301076,1909f56bfc062723c751e8b465ee728b)  -> (artifact id: '7c7dc80a51553d69cecfbc8858f16f38') in 0.012633 seconds 
========================================================================
Received Import Request.
  Time since last request: 0.000016 seconds.
  path: Assets/GitIgnore/GUI PRO Kit - Fantasy RPG/ResourcesData/Sprites/Demo/Demo_Icon/icon_color_network_error.png
  artifactKey: Guid(a20173e88c7a142328a30b1c7266e6f2) Importer(815301076,1909f56bfc062723c751e8b465ee728b)
Start importing Assets/GitIgnore/GUI PRO Kit - Fantasy RPG/ResourcesData/Sprites/Demo/Demo_Icon/icon_color_network_error.png using Guid(a20173e88c7a142328a30b1c7266e6f2) Importer(815301076,1909f56bfc062723c751e8b465ee728b)  -> (artifact id: 'de3bb47ad54099ee0dabc2147e1bfb31') in 0.012961 seconds 
========================================================================
Received Import Request.
  Time since last request: 54.451768 seconds.
  path: Assets/GitIgnore/GUI PRO Kit - Fantasy RPG/ResourcesData/Sprites/Component/Slider/slider_basictype_02_Frame.png
  artifactKey: Guid(d1aa8ab397b774300b97051d392a96ba) Importer(815301076,1909f56bfc062723c751e8b465ee728b)
Start importing Assets/GitIgnore/GUI PRO Kit - Fantasy RPG/ResourcesData/Sprites/Component/Slider/slider_basictype_02_Frame.png using Guid(d1aa8ab397b774300b97051d392a96ba) Importer(815301076,1909f56bfc062723c751e8b465ee728b)  -> (artifact id: 'fadb1475e3b5de665613d3493fe4dd64') in 0.023319 seconds 
========================================================================
Received Import Request.
  Time since last request: 0.000015 seconds.
  path: Assets/GitIgnore/GUI PRO Kit - Fantasy RPG/ResourcesData/Sprites/Component/Slider/slider_edgetype_03_frame_icon1.png
  artifactKey: Guid(72c75c5ab51ce431893817334ee965da) Importer(815301076,1909f56bfc062723c751e8b465ee728b)
Start importing Assets/GitIgnore/GUI PRO Kit - Fantasy RPG/ResourcesData/Sprites/Component/Slider/slider_edgetype_03_frame_icon1.png using Guid(72c75c5ab51ce431893817334ee965da) Importer(815301076,1909f56bfc062723c751e8b465ee728b)  -> (artifact id: '28e1f2d7b6d5b55577b000957f833e2d') in 0.010801 seconds 
========================================================================
Received Import Request.
  Time since last request: 0.000017 seconds.
  path: Assets/GitIgnore/GUI PRO Kit - Fantasy RPG/ResourcesData/Sprites/Component/Slider/slider_handletype_frame.png
  artifactKey: Guid(b963cfd777b4847d0b8a628e140a873b) Importer(815301076,1909f56bfc062723c751e8b465ee728b)
Start importing Assets/GitIgnore/GUI PRO Kit - Fantasy RPG/ResourcesData/Sprites/Component/Slider/slider_handletype_frame.png using Guid(b963cfd777b4847d0b8a628e140a873b) Importer(815301076,1909f56bfc062723c751e8b465ee728b)  -> (artifact id: '5880a68daa767b4104342b127bd0f959') in 0.012831 seconds 
========================================================================
Received Import Request.
  Time since last request: 0.000014 seconds.
  path: Assets/GitIgnore/GUI PRO Kit - Fantasy RPG/ResourcesData/Sprites/Component/Slider/slider_edgetype_01_frame_front.png
  artifactKey: Guid(a8a4f7103f8524bdc96cc06fee86e2f3) Importer(815301076,1909f56bfc062723c751e8b465ee728b)
Start importing Assets/GitIgnore/GUI PRO Kit - Fantasy RPG/ResourcesData/Sprites/Component/Slider/slider_edgetype_01_frame_front.png using Guid(a8a4f7103f8524bdc96cc06fee86e2f3) Importer(815301076,1909f56bfc062723c751e8b465ee728b)  -> (artifact id: 'bca84e25bfb6594e43ef099cb2aefe65') in 0.011760 seconds 
========================================================================
Received Import Request.
  Time since last request: 0.000019 seconds.
  path: Assets/GitIgnore/GUI PRO Kit - Fantasy RPG/ResourcesData/Sprites/Component/Slider/slider_edgetype_01_icon1.png
  artifactKey: Guid(c4b515694d9064f20bac2ad22911ee3e) Importer(815301076,1909f56bfc062723c751e8b465ee728b)
Start importing Assets/GitIgnore/GUI PRO Kit - Fantasy RPG/ResourcesData/Sprites/Component/Slider/slider_edgetype_01_icon1.png using Guid(c4b515694d9064f20bac2ad22911ee3e) Importer(815301076,1909f56bfc062723c751e8b465ee728b)  -> (artifact id: '68930a8650baf909f25d8b2aebb1df63') in 0.011815 seconds 
========================================================================
Received Import Request.
  Time since last request: 0.000016 seconds.
  path: Assets/GitIgnore/GUI PRO Kit - Fantasy RPG/ResourcesData/Sprites/Component/Slider/slider_edgetype_02_frame_front.png
  artifactKey: Guid(505cdc796e3f04317be12bcbbf0c1358) Importer(815301076,1909f56bfc062723c751e8b465ee728b)
Start importing Assets/GitIgnore/GUI PRO Kit - Fantasy RPG/ResourcesData/Sprites/Component/Slider/slider_edgetype_02_frame_front.png using Guid(505cdc796e3f04317be12bcbbf0c1358) Importer(815301076,1909f56bfc062723c751e8b465ee728b)  -> (artifact id: '34d96cea1d5c633b7ed0b99266b238c6') in 0.011454 seconds 
========================================================================
Received Import Request.
  Time since last request: 0.000020 seconds.
  path: Assets/GitIgnore/GUI PRO Kit - Fantasy RPG/ResourcesData/Sprites/Component/Slider/slider_icontype_00_color_blue_fill.png
  artifactKey: Guid(e1be584fe1024442bb932eb807991872) Importer(815301076,1909f56bfc062723c751e8b465ee728b)
Start importing Assets/GitIgnore/GUI PRO Kit - Fantasy RPG/ResourcesData/Sprites/Component/Slider/slider_icontype_00_color_blue_fill.png using Guid(e1be584fe1024442bb932eb807991872) Importer(815301076,1909f56bfc062723c751e8b465ee728b)  -> (artifact id: 'e6762069ee3fe034f1418ff27def220b') in 0.013399 seconds 
========================================================================
Received Import Request.
  Time since last request: 1.673506 seconds.
  path: Assets/GitIgnore/GUI PRO Kit - Sci-Fi/ResourcesData/Sprite/Component/Sliders_Demo/Slider14_Fill.png
  artifactKey: Guid(4e0083a72c2784ead8fce9951dabb79e) Importer(815301076,1909f56bfc062723c751e8b465ee728b)
Start importing Assets/GitIgnore/GUI PRO Kit - Sci-Fi/ResourcesData/Sprite/Component/Sliders_Demo/Slider14_Fill.png using Guid(4e0083a72c2784ead8fce9951dabb79e) Importer(815301076,1909f56bfc062723c751e8b465ee728b)  -> (artifact id: '6ad5470d4c565bdaeaa95fabe52531c8') in 0.017462 seconds 
========================================================================
Received Import Request.
  Time since last request: 0.000015 seconds.
  path: Assets/GitIgnore/GUI PRO Kit - Sci-Fi/ResourcesData/Sprite/Component/Sliders_Custom/Slider16_White.png
  artifactKey: Guid(c1a8c5e41700c4163ae5afe21f96f2b5) Importer(815301076,1909f56bfc062723c751e8b465ee728b)
Start importing Assets/GitIgnore/GUI PRO Kit - Sci-Fi/ResourcesData/Sprite/Component/Sliders_Custom/Slider16_White.png using Guid(c1a8c5e41700c4163ae5afe21f96f2b5) Importer(815301076,1909f56bfc062723c751e8b465ee728b)  -> (artifact id: '3740a9aa764febcdfcea8392f5e8e961') in 0.034020 seconds 
Editor requested this worker to shutdown with reason: Scaling down because of idle timeout
AssetImportWorker is now disconnected from the server
Process exiting
Exiting without the bug reporter. Application will terminate with return code 0