Using pre-set license
Built from '2021.2/staging' branch; Version is '2021.2.7f1 (6bd9e232123f) revision 7068130'; Using compiler version '192829333'; Build Type 'Release'
OS: 'Windows 10  (10.0.19044) 64bit Professional' Language: 'en' Physical Memory: 65446 MB
BatchMode: 1, IsHumanControllingUs: 0, StartBugReporterOnCrash: 0, Is64bit: 1, IsPro: 0

COMMAND LINE ARGUMENTS:
C:\Program Files\Unity\Hub\Editor\2021.2.7f1\Editor\Unity.exe
-adb2
-batchMode
-noUpm
-name
AssetImportWorker20
-projectPath
C:/Users/nmela/Projects/Portfolios/UI Projects
-logFile
Logs/AssetImportWorker20.log
-srvPort
63059
Successfully changed project path to: C:/Users/nmela/Projects/Portfolios/UI Projects
C:/Users/nmela/Projects/Portfolios/UI Projects
[UnityMemory] Configuration Parameters - Can be set up in boot.config
    "memorysetup-bucket-allocator-granularity=16"
    "memorysetup-bucket-allocator-bucket-count=8"
    "memorysetup-bucket-allocator-block-size=33554432"
    "memorysetup-bucket-allocator-block-count=8"
    "memorysetup-main-allocator-block-size=16777216"
    "memorysetup-thread-allocator-block-size=16777216"
    "memorysetup-gfx-main-allocator-block-size=16777216"
    "memorysetup-gfx-thread-allocator-block-size=16777216"
    "memorysetup-cache-allocator-block-size=4194304"
    "memorysetup-typetree-allocator-block-size=2097152"
    "memorysetup-profiler-bucket-allocator-granularity=16"
    "memorysetup-profiler-bucket-allocator-bucket-count=8"
    "memorysetup-profiler-bucket-allocator-block-size=33554432"
    "memorysetup-profiler-bucket-allocator-block-count=8"
    "memorysetup-profiler-allocator-block-size=16777216"
    "memorysetup-profiler-editor-allocator-block-size=1048576"
    "memorysetup-temp-allocator-size-main=16777216"
    "memorysetup-job-temp-allocator-block-size=2097152"
    "memorysetup-job-temp-allocator-block-size-background=1048576"
    "memorysetup-job-temp-allocator-reduction-small-platforms=262144"
    "memorysetup-temp-allocator-size-background-worker=32768"
    "memorysetup-temp-allocator-size-job-worker=262144"
    "memorysetup-temp-allocator-size-preload-manager=33554432"
    "memorysetup-temp-allocator-size-nav-mesh-worker=65536"
    "memorysetup-temp-allocator-size-audio-worker=65536"
    "memorysetup-temp-allocator-size-cloud-worker=32768"
    "memorysetup-temp-allocator-size-gi-baking-worker=262144"
    "memorysetup-temp-allocator-size-gfx=262144"
Refreshing native plugins compatible for Editor in 83.13 ms, found 3 plugins.
Preloading 0 native plugins for Editor in 0.00 ms.
Initialize engine version: 2021.2.7f1 (6bd9e232123f)
[Subsystems] Discovering subsystems at path C:/Program Files/Unity/Hub/Editor/2021.2.7f1/Editor/Data/Resources/UnitySubsystems
[Subsystems] Discovering subsystems at path C:/Users/nmela/Projects/Portfolios/UI Projects/Assets
GfxDevice: creating device client; threaded=0; jobified=0
Direct3D:
    Version:  Direct3D 11.0 [level 11.1]
    Renderer: AMD Radeon RX 6900 XT (ID=0x73bf)
    Vendor:   ATI
    VRAM:     16338 MB
    Driver:   30.0.14011.3017
Initialize mono
Mono path[0] = 'C:/Program Files/Unity/Hub/Editor/2021.2.7f1/Editor/Data/Managed'
Mono path[1] = 'C:/Program Files/Unity/Hub/Editor/2021.2.7f1/Editor/Data/MonoBleedingEdge/lib/mono/unityjit-win32'
Mono config path = 'C:/Program Files/Unity/Hub/Editor/2021.2.7f1/Editor/Data/MonoBleedingEdge/etc'
Using monoOptions --debugger-agent=transport=dt_socket,embedding=1,server=y,suspend=n,address=127.0.0.1:56056
Begin MonoManager ReloadAssembly
Registering precompiled unity dll's ...
Register platform support module: C:/Program Files/Unity/Hub/Editor/2021.2.7f1/Editor/Data/PlaybackEngines/WebGLSupport/UnityEditor.WebGL.Extensions.dll
Register platform support module: C:/Program Files/Unity/Hub/Editor/2021.2.7f1/Editor/Data/PlaybackEngines/WindowsStandaloneSupport/UnityEditor.WindowsStandalone.Extensions.dll
Registered in 0.006022 seconds.
Native extension for WindowsStandalone target not found
Native extension for WebGL target not found
Refreshing native plugins compatible for Editor in 79.17 ms, found 3 plugins.
Preloading 0 native plugins for Editor in 0.00 ms.
Mono: successfully reloaded assembly
- Completed reload, in  0.466 seconds
Domain Reload Profiling:
	ReloadAssembly (466ms)
		BeginReloadAssembly (54ms)
			ExecutionOrderSort (0ms)
			DisableScriptedObjects (0ms)
			BackupInstance (0ms)
			ReleaseScriptingObjects (0ms)
			CreateAndSetChildDomain (0ms)
		EndReloadAssembly (354ms)
			LoadAssemblies (53ms)
			RebuildTransferFunctionScriptingTraits (0ms)
			SetupTypeCache (71ms)
			ReleaseScriptCaches (0ms)
			RebuildScriptCaches (19ms)
			SetupLoadedEditorAssemblies (224ms)
				LogAssemblyErrors (0ms)
				InitializePlatformSupportModulesInManaged (12ms)
				SetLoadedEditorAssemblies (0ms)
				RefreshPlugins (79ms)
				BeforeProcessingInitializeOnLoad (1ms)
				ProcessInitializeOnLoadAttributes (99ms)
				ProcessInitializeOnLoadMethodAttributes (32ms)
				AfterProcessingInitializeOnLoad (0ms)
				EditorAssembliesLoaded (0ms)
			ExecutionOrderSort2 (0ms)
			AwakeInstancesAfterBackupRestoration (0ms)
Platform modules already initialized, skipping
Registering precompiled user dll's ...
Registered in 0.004673 seconds.
Begin MonoManager ReloadAssembly
Symbol file LoadedFromMemory doesn't match image C:\Users\nmela\Projects\Portfolios\UI Projects\Library\PackageCache\com.unity.visualscripting@1.7.6\Editor\VisualScripting.Core\Dependencies\YamlDotNet\Unity.VisualScripting.YamlDotNet.dll
Symbol file LoadedFromMemory doesn't match image C:\Users\nmela\Projects\Portfolios\UI Projects\Library\PackageCache\com.unity.visualscripting@1.7.6\Editor\VisualScripting.Core\Dependencies\DotNetZip\Unity.VisualScripting.IonicZip.dll
Native extension for WindowsStandalone target not found
Native extension for WebGL target not found
Refreshing native plugins compatible for Editor in 0.94 ms, found 3 plugins.
Preloading 0 native plugins for Editor in 0.00 ms.
Mono: successfully reloaded assembly
- Completed reload, in  0.765 seconds
Domain Reload Profiling:
	ReloadAssembly (766ms)
		BeginReloadAssembly (95ms)
			ExecutionOrderSort (0ms)
			DisableScriptedObjects (4ms)
			BackupInstance (0ms)
			ReleaseScriptingObjects (0ms)
			CreateAndSetChildDomain (17ms)
		EndReloadAssembly (596ms)
			LoadAssemblies (74ms)
			RebuildTransferFunctionScriptingTraits (0ms)
			SetupTypeCache (184ms)
			ReleaseScriptCaches (0ms)
			RebuildScriptCaches (39ms)
			SetupLoadedEditorAssemblies (280ms)
				LogAssemblyErrors (0ms)
				InitializePlatformSupportModulesInManaged (11ms)
				SetLoadedEditorAssemblies (0ms)
				RefreshPlugins (1ms)
				BeforeProcessingInitializeOnLoad (67ms)
				ProcessInitializeOnLoadAttributes (175ms)
				ProcessInitializeOnLoadMethodAttributes (17ms)
				AfterProcessingInitializeOnLoad (9ms)
				EditorAssembliesLoaded (0ms)
			ExecutionOrderSort2 (0ms)
			AwakeInstancesAfterBackupRestoration (5ms)
Platform modules already initialized, skipping
========================================================================
Worker process is ready to serve import requests
Launched and connected shader compiler UnityShaderCompiler.exe after 0.05 seconds
Refreshing native plugins compatible for Editor in 0.89 ms, found 3 plugins.
Preloading 0 native plugins for Editor in 0.00 ms.
Unloading 3400 Unused Serialized files (Serialized files now loaded: 0)
Unloading 27 unused Assets / (112.7 KB). Loaded Objects now: 3859.
Memory consumption went from 122.7 MB to 122.6 MB.
Total: 2.333900 ms (FindLiveObjects: 0.180700 ms CreateObjectMapping: 0.071400 ms MarkObjects: 2.003300 ms  DeleteObjects: 0.077900 ms)

AssetImportParameters requested are different than current active one (requested -> active):
  custom:video-decoder-ogg-theora: a1e56fd34408186e4bbccfd4996cb3dc -> 
  custom:container-muxer-webm: aa71ff27fc2769a1b78a27578f13a17b -> 
  custom:container-demuxer-webm: 4f35f7cbe854078d1ac9338744f61a02 -> 
  custom:video-encoder-webm-vp8: eb34c28f22e8b96e1ab97ce403110664 -> 
  custom:audio-encoder-webm-vorbis: bf7c407c2cedff20999df2af8eb42d56 -> 
  custom:framework-win-MediaFoundation: 216162199b28c13a410421893ffa2e32 -> 
  custom:container-demuxer-ogg: 62fdf1f143b41e24485cea50d1cbac27 -> 
  custom:video-decoder-webm-vp8: 9c59270c3fd7afecdb556c50c9e8de78 -> 
  custom:audio-decoder-ogg-vorbis: bf7c407c2cedff20999df2af8eb42d56 -> 
========================================================================
Received Import Request.
  Time since last request: 376671.567468 seconds.
  path: Assets/GitIgnore/GUI PRO Kit - Fantasy RPG/ResourcesData/Sprites/Component/Slider/slider_icontype_02_icon2.png
  artifactKey: Guid(7cbd4afaf07dd431ab00791745a2b537) Importer(815301076,1909f56bfc062723c751e8b465ee728b)
Start importing Assets/GitIgnore/GUI PRO Kit - Fantasy RPG/ResourcesData/Sprites/Component/Slider/slider_icontype_02_icon2.png using Guid(7cbd4afaf07dd431ab00791745a2b537) Importer(815301076,1909f56bfc062723c751e8b465ee728b)  -> (artifact id: '9f9688b7f9512fe88c2a3c0fbe62fbe9') in 0.097167 seconds 
========================================================================
Received Import Request.
  Time since last request: 0.000018 seconds.
  path: Assets/GitIgnore/GUI PRO Kit - Fantasy RPG/ResourcesData/Sprites/Component/Slider/slider_icontype_04_frame_front2.png
  artifactKey: Guid(3e5561fcb6286487a99e50fa5fad8be6) Importer(815301076,1909f56bfc062723c751e8b465ee728b)
Start importing Assets/GitIgnore/GUI PRO Kit - Fantasy RPG/ResourcesData/Sprites/Component/Slider/slider_icontype_04_frame_front2.png using Guid(3e5561fcb6286487a99e50fa5fad8be6) Importer(815301076,1909f56bfc062723c751e8b465ee728b)  -> (artifact id: 'a1a8ff61dc05611e58c56d60903ea294') in 0.014146 seconds 
========================================================================
Received Import Request.
  Time since last request: 0.000014 seconds.
  path: Assets/GitIgnore/GUI PRO Kit - Fantasy RPG/ResourcesData/Sprites/Component/Slider/slider_icontype_05_frame.png
  artifactKey: Guid(184af8b640f8d493ca798b757137f254) Importer(815301076,1909f56bfc062723c751e8b465ee728b)
Start importing Assets/GitIgnore/GUI PRO Kit - Fantasy RPG/ResourcesData/Sprites/Component/Slider/slider_icontype_05_frame.png using Guid(184af8b640f8d493ca798b757137f254) Importer(815301076,1909f56bfc062723c751e8b465ee728b)  -> (artifact id: '64617712eaf7fbbdcff352eaa922ebb9') in 0.011811 seconds 
========================================================================
Received Import Request.
  Time since last request: 0.000020 seconds.
  path: Assets/GitIgnore/GUI PRO Kit - Sci-Fi/ResourcesData/Sprite/Demo/Demo_LanguageFlag/Smicon_Languageflag_Small02_Kor.Png
  artifactKey: Guid(a0f66d3205c4b417fab3cffb02cb9526) Importer(815301076,1909f56bfc062723c751e8b465ee728b)
Start importing Assets/GitIgnore/GUI PRO Kit - Sci-Fi/ResourcesData/Sprite/Demo/Demo_LanguageFlag/Smicon_Languageflag_Small02_Kor.Png using Guid(a0f66d3205c4b417fab3cffb02cb9526) Importer(815301076,1909f56bfc062723c751e8b465ee728b)  -> (artifact id: 'f650b6b4731b41e41a48f591244201f4') in 0.017469 seconds 
========================================================================
Received Import Request.
  Time since last request: 0.000024 seconds.
  path: Assets/GitIgnore/GUI PRO Kit - Sci-Fi/ResourcesData/Sprite/Demo/Demo_LanguageFlag/Smicon_Languageflag_Small02_Deu.Png
  artifactKey: Guid(18c7c7e3d600f4ef0828f67dd5e91964) Importer(815301076,1909f56bfc062723c751e8b465ee728b)
Start importing Assets/GitIgnore/GUI PRO Kit - Sci-Fi/ResourcesData/Sprite/Demo/Demo_LanguageFlag/Smicon_Languageflag_Small02_Deu.Png using Guid(18c7c7e3d600f4ef0828f67dd5e91964) Importer(815301076,1909f56bfc062723c751e8b465ee728b)  -> (artifact id: 'fb804115cc1abcb54c45496ff96e46b3') in 0.016385 seconds 
========================================================================
Received Import Request.
  Time since last request: 0.000015 seconds.
  path: Assets/GitIgnore/GUI PRO Kit - Sci-Fi/ResourcesData/Sprite/Component/Toggle/Toggle_Radio_Off.png
  artifactKey: Guid(6bcb43baaa6cd4e9794608474c98a264) Importer(815301076,1909f56bfc062723c751e8b465ee728b)
Start importing Assets/GitIgnore/GUI PRO Kit - Sci-Fi/ResourcesData/Sprite/Component/Toggle/Toggle_Radio_Off.png using Guid(6bcb43baaa6cd4e9794608474c98a264) Importer(815301076,1909f56bfc062723c751e8b465ee728b)  -> (artifact id: 'efbfa616e29a8e305887df6c1f5457fe') in 0.018074 seconds 
========================================================================
Received Import Request.
  Time since last request: 0.000014 seconds.
  path: Assets/GitIgnore/GUI PRO Kit - Sci-Fi/ResourcesData/Sprite/Component/Toggle/Toggle_CheckBox_Off.png
  artifactKey: Guid(1a1d04f6e5aa3431b828b97d6d9d93ea) Importer(815301076,1909f56bfc062723c751e8b465ee728b)
Start importing Assets/GitIgnore/GUI PRO Kit - Sci-Fi/ResourcesData/Sprite/Component/Toggle/Toggle_CheckBox_Off.png using Guid(1a1d04f6e5aa3431b828b97d6d9d93ea) Importer(815301076,1909f56bfc062723c751e8b465ee728b)  -> (artifact id: 'd9ee544ff2aa38ed9a6a3b0d5d09b7d3') in 0.017505 seconds 
========================================================================
Received Import Request.
  Time since last request: 0.000014 seconds.
  path: Assets/GitIgnore/GUI PRO Kit - Fantasy RPG/ResourcesData/Sprites/Component/Frame/frame_tableframe_00_3.png
  artifactKey: Guid(4237db1ab769f4f2abbdb2cd20902fab) Importer(815301076,1909f56bfc062723c751e8b465ee728b)
Start importing Assets/GitIgnore/GUI PRO Kit - Fantasy RPG/ResourcesData/Sprites/Component/Frame/frame_tableframe_00_3.png using Guid(4237db1ab769f4f2abbdb2cd20902fab) Importer(815301076,1909f56bfc062723c751e8b465ee728b)  -> (artifact id: '90d61b1045bfb81fd87b7006b2d0afe7') in 0.017116 seconds 
========================================================================
Received Import Request.
  Time since last request: 0.000020 seconds.
  path: Assets/GitIgnore/GUI PRO Kit - Fantasy RPG/ResourcesData/Sprites/Component/Slider/slider_icontype_03_icon_l.png
  artifactKey: Guid(7b63dead1d8dc4b7ea48867b93168795) Importer(815301076,1909f56bfc062723c751e8b465ee728b)
Start importing Assets/GitIgnore/GUI PRO Kit - Fantasy RPG/ResourcesData/Sprites/Component/Slider/slider_icontype_03_icon_l.png using Guid(7b63dead1d8dc4b7ea48867b93168795) Importer(815301076,1909f56bfc062723c751e8b465ee728b)  -> (artifact id: 'b117bee5c3c36cc0a90e9929674d3d28') in 0.013066 seconds 
========================================================================
Received Import Request.
  Time since last request: 73.879466 seconds.
  path: Assets/GitIgnore/GUI PRO Kit - Fantasy RPG/ResourcesData/Sprites/Component/Icon_ItemIcons_(Original)/icon_itemicon_guild.png
  artifactKey: Guid(8fb4afa3e0c274a19a0049a58e50b2b5) Importer(815301076,1909f56bfc062723c751e8b465ee728b)
Start importing Assets/GitIgnore/GUI PRO Kit - Fantasy RPG/ResourcesData/Sprites/Component/Icon_ItemIcons_(Original)/icon_itemicon_guild.png using Guid(8fb4afa3e0c274a19a0049a58e50b2b5) Importer(815301076,1909f56bfc062723c751e8b465ee728b)  -> (artifact id: '6fba47e898cd94f805f53d36581d06a8') in 0.024035 seconds 
========================================================================
Received Import Request.
  Time since last request: 0.000019 seconds.
  path: Assets/GitIgnore/GUI PRO Kit - Fantasy RPG/ResourcesData/Sprites/Component/Icon_ItemIcons_(Original)/icon_itemicon_hammer.png
  artifactKey: Guid(3de0a5c20801a44d4a6acea442bc2bd4) Importer(815301076,1909f56bfc062723c751e8b465ee728b)
Start importing Assets/GitIgnore/GUI PRO Kit - Fantasy RPG/ResourcesData/Sprites/Component/Icon_ItemIcons_(Original)/icon_itemicon_hammer.png using Guid(3de0a5c20801a44d4a6acea442bc2bd4) Importer(815301076,1909f56bfc062723c751e8b465ee728b)  -> (artifact id: '946a08f160c16bba4668554fe3ca5db5') in 0.017165 seconds 
========================================================================
Received Import Request.
  Time since last request: 0.000018 seconds.
  path: Assets/GitIgnore/GUI PRO Kit - Fantasy RPG/ResourcesData/Sprites/Component/Icon_ItemIcons_(Original)/icon_itemicon_jewel1_blue.png
  artifactKey: Guid(eaa1fab7e733e454dbacda8cf6fe92b0) Importer(815301076,1909f56bfc062723c751e8b465ee728b)
Start importing Assets/GitIgnore/GUI PRO Kit - Fantasy RPG/ResourcesData/Sprites/Component/Icon_ItemIcons_(Original)/icon_itemicon_jewel1_blue.png using Guid(eaa1fab7e733e454dbacda8cf6fe92b0) Importer(815301076,1909f56bfc062723c751e8b465ee728b)  -> (artifact id: 'd79c7c381290028a0f6371f913b219f3') in 0.013624 seconds 
========================================================================
Received Import Request.
  Time since last request: 0.000029 seconds.
  path: Assets/GitIgnore/GUI PRO Kit - Fantasy RPG/ResourcesData/Sprites/Component/Icon_ItemIcons_(Original)/icon_itemicon_jewel2_green.png
  artifactKey: Guid(6283e42aeda234c33a78c0dae5a3fe11) Importer(815301076,1909f56bfc062723c751e8b465ee728b)
Start importing Assets/GitIgnore/GUI PRO Kit - Fantasy RPG/ResourcesData/Sprites/Component/Icon_ItemIcons_(Original)/icon_itemicon_jewel2_green.png using Guid(6283e42aeda234c33a78c0dae5a3fe11) Importer(815301076,1909f56bfc062723c751e8b465ee728b)  -> (artifact id: '2c719935dab6b709007d87093c6f765e') in 0.015942 seconds 
Editor requested this worker to shutdown with reason: Scaling down because of idle timeout
AssetImportWorker is now disconnected from the server
Process exiting
Exiting without the bug reporter. Application will terminate with return code 0