Using pre-set license
Built from '2021.2/staging' branch; Version is '2021.2.7f1 (6bd9e232123f) revision 7068130'; Using compiler version '192829333'; Build Type 'Release'
OS: 'Windows 10  (10.0.19044) 64bit Professional' Language: 'en' Physical Memory: 65446 MB
BatchMode: 1, IsHumanControllingUs: 0, StartBugReporterOnCrash: 0, Is64bit: 1, IsPro: 0

COMMAND LINE ARGUMENTS:
C:\Program Files\Unity\Hub\Editor\2021.2.7f1\Editor\Unity.exe
-adb2
-batchMode
-noUpm
-name
AssetImportWorker38
-projectPath
C:/Users/nmela/Projects/Portfolios/UI Projects
-logFile
Logs/AssetImportWorker38.log
-srvPort
63059
Successfully changed project path to: C:/Users/nmela/Projects/Portfolios/UI Projects
C:/Users/nmela/Projects/Portfolios/UI Projects
[UnityMemory] Configuration Parameters - Can be set up in boot.config
    "memorysetup-bucket-allocator-granularity=16"
    "memorysetup-bucket-allocator-bucket-count=8"
    "memorysetup-bucket-allocator-block-size=33554432"
    "memorysetup-bucket-allocator-block-count=8"
    "memorysetup-main-allocator-block-size=16777216"
    "memorysetup-thread-allocator-block-size=16777216"
    "memorysetup-gfx-main-allocator-block-size=16777216"
    "memorysetup-gfx-thread-allocator-block-size=16777216"
    "memorysetup-cache-allocator-block-size=4194304"
    "memorysetup-typetree-allocator-block-size=2097152"
    "memorysetup-profiler-bucket-allocator-granularity=16"
    "memorysetup-profiler-bucket-allocator-bucket-count=8"
    "memorysetup-profiler-bucket-allocator-block-size=33554432"
    "memorysetup-profiler-bucket-allocator-block-count=8"
    "memorysetup-profiler-allocator-block-size=16777216"
    "memorysetup-profiler-editor-allocator-block-size=1048576"
    "memorysetup-temp-allocator-size-main=16777216"
    "memorysetup-job-temp-allocator-block-size=2097152"
    "memorysetup-job-temp-allocator-block-size-background=1048576"
    "memorysetup-job-temp-allocator-reduction-small-platforms=262144"
    "memorysetup-temp-allocator-size-background-worker=32768"
    "memorysetup-temp-allocator-size-job-worker=262144"
    "memorysetup-temp-allocator-size-preload-manager=33554432"
    "memorysetup-temp-allocator-size-nav-mesh-worker=65536"
    "memorysetup-temp-allocator-size-audio-worker=65536"
    "memorysetup-temp-allocator-size-cloud-worker=32768"
    "memorysetup-temp-allocator-size-gi-baking-worker=262144"
    "memorysetup-temp-allocator-size-gfx=262144"
Refreshing native plugins compatible for Editor in 90.31 ms, found 3 plugins.
Preloading 0 native plugins for Editor in 0.00 ms.
Initialize engine version: 2021.2.7f1 (6bd9e232123f)
[Subsystems] Discovering subsystems at path C:/Program Files/Unity/Hub/Editor/2021.2.7f1/Editor/Data/Resources/UnitySubsystems
[Subsystems] Discovering subsystems at path C:/Users/nmela/Projects/Portfolios/UI Projects/Assets
GfxDevice: creating device client; threaded=0; jobified=0
Direct3D:
    Version:  Direct3D 11.0 [level 11.1]
    Renderer: AMD Radeon RX 6900 XT (ID=0x73bf)
    Vendor:   ATI
    VRAM:     16338 MB
    Driver:   30.0.14011.3017
Initialize mono
Mono path[0] = 'C:/Program Files/Unity/Hub/Editor/2021.2.7f1/Editor/Data/Managed'
Mono path[1] = 'C:/Program Files/Unity/Hub/Editor/2021.2.7f1/Editor/Data/MonoBleedingEdge/lib/mono/unityjit-win32'
Mono config path = 'C:/Program Files/Unity/Hub/Editor/2021.2.7f1/Editor/Data/MonoBleedingEdge/etc'
Using monoOptions --debugger-agent=transport=dt_socket,embedding=1,server=y,suspend=n,address=127.0.0.1:56516
Begin MonoManager ReloadAssembly
Registering precompiled unity dll's ...
Register platform support module: C:/Program Files/Unity/Hub/Editor/2021.2.7f1/Editor/Data/PlaybackEngines/WebGLSupport/UnityEditor.WebGL.Extensions.dll
Register platform support module: C:/Program Files/Unity/Hub/Editor/2021.2.7f1/Editor/Data/PlaybackEngines/WindowsStandaloneSupport/UnityEditor.WindowsStandalone.Extensions.dll
Registered in 0.007128 seconds.
Native extension for WindowsStandalone target not found
Native extension for WebGL target not found
Refreshing native plugins compatible for Editor in 75.30 ms, found 3 plugins.
Preloading 0 native plugins for Editor in 0.00 ms.
Mono: successfully reloaded assembly
- Completed reload, in  0.463 seconds
Domain Reload Profiling:
	ReloadAssembly (463ms)
		BeginReloadAssembly (54ms)
			ExecutionOrderSort (0ms)
			DisableScriptedObjects (0ms)
			BackupInstance (0ms)
			ReleaseScriptingObjects (0ms)
			CreateAndSetChildDomain (0ms)
		EndReloadAssembly (350ms)
			LoadAssemblies (52ms)
			RebuildTransferFunctionScriptingTraits (0ms)
			SetupTypeCache (74ms)
			ReleaseScriptCaches (0ms)
			RebuildScriptCaches (20ms)
			SetupLoadedEditorAssemblies (216ms)
				LogAssemblyErrors (0ms)
				InitializePlatformSupportModulesInManaged (13ms)
				SetLoadedEditorAssemblies (0ms)
				RefreshPlugins (75ms)
				BeforeProcessingInitializeOnLoad (1ms)
				ProcessInitializeOnLoadAttributes (94ms)
				ProcessInitializeOnLoadMethodAttributes (32ms)
				AfterProcessingInitializeOnLoad (0ms)
				EditorAssembliesLoaded (0ms)
			ExecutionOrderSort2 (0ms)
			AwakeInstancesAfterBackupRestoration (0ms)
Platform modules already initialized, skipping
Registering precompiled user dll's ...
Registered in 0.004841 seconds.
Begin MonoManager ReloadAssembly
Symbol file LoadedFromMemory doesn't match image C:\Users\nmela\Projects\Portfolios\UI Projects\Library\PackageCache\com.unity.visualscripting@1.7.6\Editor\VisualScripting.Core\Dependencies\YamlDotNet\Unity.VisualScripting.YamlDotNet.dll
Symbol file LoadedFromMemory doesn't match image C:\Users\nmela\Projects\Portfolios\UI Projects\Library\PackageCache\com.unity.visualscripting@1.7.6\Editor\VisualScripting.Core\Dependencies\DotNetZip\Unity.VisualScripting.IonicZip.dll
Native extension for WindowsStandalone target not found
Native extension for WebGL target not found
Refreshing native plugins compatible for Editor in 0.86 ms, found 3 plugins.
Preloading 0 native plugins for Editor in 0.00 ms.
Mono: successfully reloaded assembly
- Completed reload, in  0.744 seconds
Domain Reload Profiling:
	ReloadAssembly (745ms)
		BeginReloadAssembly (86ms)
			ExecutionOrderSort (0ms)
			DisableScriptedObjects (4ms)
			BackupInstance (0ms)
			ReleaseScriptingObjects (0ms)
			CreateAndSetChildDomain (17ms)
		EndReloadAssembly (585ms)
			LoadAssemblies (63ms)
			RebuildTransferFunctionScriptingTraits (0ms)
			SetupTypeCache (185ms)
			ReleaseScriptCaches (0ms)
			RebuildScriptCaches (37ms)
			SetupLoadedEditorAssemblies (274ms)
				LogAssemblyErrors (0ms)
				InitializePlatformSupportModulesInManaged (10ms)
				SetLoadedEditorAssemblies (0ms)
				RefreshPlugins (1ms)
				BeforeProcessingInitializeOnLoad (64ms)
				ProcessInitializeOnLoadAttributes (175ms)
				ProcessInitializeOnLoadMethodAttributes (16ms)
				AfterProcessingInitializeOnLoad (8ms)
				EditorAssembliesLoaded (0ms)
			ExecutionOrderSort2 (0ms)
			AwakeInstancesAfterBackupRestoration (4ms)
Platform modules already initialized, skipping
========================================================================
Worker process is ready to serve import requests
Launched and connected shader compiler UnityShaderCompiler.exe after 0.05 seconds
Refreshing native plugins compatible for Editor in 0.98 ms, found 3 plugins.
Preloading 0 native plugins for Editor in 0.00 ms.
Unloading 3400 Unused Serialized files (Serialized files now loaded: 0)
Unloading 27 unused Assets / (112.7 KB). Loaded Objects now: 3859.
Memory consumption went from 122.7 MB to 122.6 MB.
Total: 2.975700 ms (FindLiveObjects: 0.278900 ms CreateObjectMapping: 0.194100 ms MarkObjects: 2.418600 ms  DeleteObjects: 0.083300 ms)

AssetImportParameters requested are different than current active one (requested -> active):
  custom:video-decoder-ogg-theora: a1e56fd34408186e4bbccfd4996cb3dc -> 
  custom:container-muxer-webm: aa71ff27fc2769a1b78a27578f13a17b -> 
  custom:container-demuxer-webm: 4f35f7cbe854078d1ac9338744f61a02 -> 
  custom:video-encoder-webm-vp8: eb34c28f22e8b96e1ab97ce403110664 -> 
  custom:audio-encoder-webm-vorbis: bf7c407c2cedff20999df2af8eb42d56 -> 
  custom:framework-win-MediaFoundation: 216162199b28c13a410421893ffa2e32 -> 
  custom:container-demuxer-ogg: 62fdf1f143b41e24485cea50d1cbac27 -> 
  custom:video-decoder-webm-vp8: 9c59270c3fd7afecdb556c50c9e8de78 -> 
  custom:audio-decoder-ogg-vorbis: bf7c407c2cedff20999df2af8eb42d56 -> 
========================================================================
Received Import Request.
  Time since last request: 377101.235311 seconds.
  path: Assets/GitIgnore/GUI PRO Kit - Fantasy RPG/ResourcesData/Sprites/Demo/Demo_Icon/icon_star_rate_s.png
  artifactKey: Guid(b6b4f6129a1f64a27affcb31b0cef5b5) Importer(815301076,1909f56bfc062723c751e8b465ee728b)
Start importing Assets/GitIgnore/GUI PRO Kit - Fantasy RPG/ResourcesData/Sprites/Demo/Demo_Icon/icon_star_rate_s.png using Guid(b6b4f6129a1f64a27affcb31b0cef5b5) Importer(815301076,1909f56bfc062723c751e8b465ee728b)  -> (artifact id: 'ffa55d7563fab351b60197ed4819f86d') in 0.081834 seconds 
========================================================================
Received Import Request.
  Time since last request: 45.027748 seconds.
  path: Assets/GitIgnore/GUI PRO Kit - Fantasy RPG/ResourcesData/Sprites/Component/Slider/slider_basictype_00_back.png
  artifactKey: Guid(f42c68e18a573414fa856ed149c32374) Importer(815301076,1909f56bfc062723c751e8b465ee728b)
Start importing Assets/GitIgnore/GUI PRO Kit - Fantasy RPG/ResourcesData/Sprites/Component/Slider/slider_basictype_00_back.png using Guid(f42c68e18a573414fa856ed149c32374) Importer(815301076,1909f56bfc062723c751e8b465ee728b)  -> (artifact id: '4d518ad08fd99865a072dab0ca2112b2') in 0.023321 seconds 
========================================================================
Received Import Request.
  Time since last request: 0.000013 seconds.
  path: Assets/GitIgnore/GUI PRO Kit - Fantasy RPG/ResourcesData/Sprites/Component/Slider/slider_edgetype_00_frame_front.png
  artifactKey: Guid(886e46324f5ab49cfa5baa87c2468d66) Importer(815301076,1909f56bfc062723c751e8b465ee728b)
Start importing Assets/GitIgnore/GUI PRO Kit - Fantasy RPG/ResourcesData/Sprites/Component/Slider/slider_edgetype_00_frame_front.png using Guid(886e46324f5ab49cfa5baa87c2468d66) Importer(815301076,1909f56bfc062723c751e8b465ee728b)  -> (artifact id: 'adfd9fc3f5d75836beb485872cbd69e3') in 0.012432 seconds 
========================================================================
Received Import Request.
  Time since last request: 0.000017 seconds.
  path: Assets/GitIgnore/GUI PRO Kit - Fantasy RPG/ResourcesData/Sprites/Component/Slider/slider_edgetype_01_frame_back.png
  artifactKey: Guid(35acd35043845409cb64453cccb6cb43) Importer(815301076,1909f56bfc062723c751e8b465ee728b)
Start importing Assets/GitIgnore/GUI PRO Kit - Fantasy RPG/ResourcesData/Sprites/Component/Slider/slider_edgetype_01_frame_back.png using Guid(35acd35043845409cb64453cccb6cb43) Importer(815301076,1909f56bfc062723c751e8b465ee728b)  -> (artifact id: 'd6c31f1f7d8112ce77ed40e8a1832d36') in 0.013016 seconds 
========================================================================
Received Import Request.
  Time since last request: 0.000016 seconds.
  path: Assets/GitIgnore/GUI PRO Kit - Fantasy RPG/ResourcesData/Sprites/Component/Slider/slider_edgetype_02_fill.png
  artifactKey: Guid(eac7c619002dd428db37f41e4fcb9390) Importer(815301076,1909f56bfc062723c751e8b465ee728b)
Start importing Assets/GitIgnore/GUI PRO Kit - Fantasy RPG/ResourcesData/Sprites/Component/Slider/slider_edgetype_02_fill.png using Guid(eac7c619002dd428db37f41e4fcb9390) Importer(815301076,1909f56bfc062723c751e8b465ee728b)  -> (artifact id: '7f1303c9aa71370f548275acee8d8b2a') in 0.011659 seconds 
========================================================================
Received Import Request.
  Time since last request: 0.000016 seconds.
  path: Assets/GitIgnore/GUI PRO Kit - Fantasy RPG/ResourcesData/Sprites/Component/Slider/slider_icontype_01_fill.png
  artifactKey: Guid(8b52f54d6bcb44bfb83c0e1b790eda8b) Importer(815301076,1909f56bfc062723c751e8b465ee728b)
Start importing Assets/GitIgnore/GUI PRO Kit - Fantasy RPG/ResourcesData/Sprites/Component/Slider/slider_icontype_01_fill.png using Guid(8b52f54d6bcb44bfb83c0e1b790eda8b) Importer(815301076,1909f56bfc062723c751e8b465ee728b)  -> (artifact id: '431268f87e2b2c4b7bc2eb21b0bd7298') in 0.011550 seconds 
========================================================================
Received Import Request.
  Time since last request: 0.000023 seconds.
  path: Assets/GitIgnore/GUI PRO Kit - Fantasy RPG/ResourcesData/Sprites/Component/Slider/slider_edgetype_03_frame_icon2.png
  artifactKey: Guid(87cd63f34449047bc9832d190e8ce0c1) Importer(815301076,1909f56bfc062723c751e8b465ee728b)
Start importing Assets/GitIgnore/GUI PRO Kit - Fantasy RPG/ResourcesData/Sprites/Component/Slider/slider_edgetype_03_frame_icon2.png using Guid(87cd63f34449047bc9832d190e8ce0c1) Importer(815301076,1909f56bfc062723c751e8b465ee728b)  -> (artifact id: 'eea1a63b90959e9cc617ee69352b9b18') in 0.020091 seconds 
========================================================================
Received Import Request.
  Time since last request: 0.000017 seconds.
  path: Assets/GitIgnore/GUI PRO Kit - Fantasy RPG/ResourcesData/Sprites/Component/Slider/slider_handletype_fill.png
  artifactKey: Guid(b2791cda845e14da3af29c4f1a475a55) Importer(815301076,1909f56bfc062723c751e8b465ee728b)
Start importing Assets/GitIgnore/GUI PRO Kit - Fantasy RPG/ResourcesData/Sprites/Component/Slider/slider_handletype_fill.png using Guid(b2791cda845e14da3af29c4f1a475a55) Importer(815301076,1909f56bfc062723c751e8b465ee728b)  -> (artifact id: '1b11cc7f6e70e211e840cb62801377c0') in 0.013574 seconds 
========================================================================
Received Import Request.
  Time since last request: 1.662887 seconds.
  path: Assets/GitIgnore/GUI PRO Kit - Sci-Fi/ResourcesData/Sprite/Component/Sliders_Custom/Slider13_White4_Fill2.png
  artifactKey: Guid(5cc79068463ce4d639ecbbbb253a9b5c) Importer(815301076,1909f56bfc062723c751e8b465ee728b)
Start importing Assets/GitIgnore/GUI PRO Kit - Sci-Fi/ResourcesData/Sprite/Component/Sliders_Custom/Slider13_White4_Fill2.png using Guid(5cc79068463ce4d639ecbbbb253a9b5c) Importer(815301076,1909f56bfc062723c751e8b465ee728b)  -> (artifact id: '30d32fedfc189f1a0b45bbf63ca88e3b') in 0.019629 seconds 
========================================================================
Received Import Request.
  Time since last request: 0.000014 seconds.
  path: Assets/GitIgnore/GUI PRO Kit - Sci-Fi/ResourcesData/Sprite/Component/Sliders_Demo/Slider16_Fill.png
  artifactKey: Guid(13a223e6556244c008558f2773b89159) Importer(815301076,1909f56bfc062723c751e8b465ee728b)
Start importing Assets/GitIgnore/GUI PRO Kit - Sci-Fi/ResourcesData/Sprite/Component/Sliders_Demo/Slider16_Fill.png using Guid(13a223e6556244c008558f2773b89159) Importer(815301076,1909f56bfc062723c751e8b465ee728b)  -> (artifact id: '2c58858fc0b7abae314134ac967bce28') in 0.034236 seconds 
Editor requested this worker to shutdown with reason: Scaling down because of idle timeout
AssetImportWorker is now disconnected from the server
Process exiting
Exiting without the bug reporter. Application will terminate with return code 0