Using pre-set license
Built from '2021.2/staging' branch; Version is '2021.2.7f1 (6bd9e232123f) revision 7068130'; Using compiler version '192829333'; Build Type 'Release'
OS: 'Windows 10  (10.0.19044) 64bit Professional' Language: 'en' Physical Memory: 65446 MB
BatchMode: 1, IsHumanControllingUs: 0, StartBugReporterOnCrash: 0, Is64bit: 1, IsPro: 0

COMMAND LINE ARGUMENTS:
C:\Program Files\Unity\Hub\Editor\2021.2.7f1\Editor\Unity.exe
-adb2
-batchMode
-noUpm
-name
AssetImportWorker12
-projectPath
C:/Users/nmela/Projects/Portfolios/UI Projects
-logFile
Logs/AssetImportWorker12.log
-srvPort
63059
Successfully changed project path to: C:/Users/nmela/Projects/Portfolios/UI Projects
C:/Users/nmela/Projects/Portfolios/UI Projects
[UnityMemory] Configuration Parameters - Can be set up in boot.config
    "memorysetup-bucket-allocator-granularity=16"
    "memorysetup-bucket-allocator-bucket-count=8"
    "memorysetup-bucket-allocator-block-size=33554432"
    "memorysetup-bucket-allocator-block-count=8"
    "memorysetup-main-allocator-block-size=16777216"
    "memorysetup-thread-allocator-block-size=16777216"
    "memorysetup-gfx-main-allocator-block-size=16777216"
    "memorysetup-gfx-thread-allocator-block-size=16777216"
    "memorysetup-cache-allocator-block-size=4194304"
    "memorysetup-typetree-allocator-block-size=2097152"
    "memorysetup-profiler-bucket-allocator-granularity=16"
    "memorysetup-profiler-bucket-allocator-bucket-count=8"
    "memorysetup-profiler-bucket-allocator-block-size=33554432"
    "memorysetup-profiler-bucket-allocator-block-count=8"
    "memorysetup-profiler-allocator-block-size=16777216"
    "memorysetup-profiler-editor-allocator-block-size=1048576"
    "memorysetup-temp-allocator-size-main=16777216"
    "memorysetup-job-temp-allocator-block-size=2097152"
    "memorysetup-job-temp-allocator-block-size-background=1048576"
    "memorysetup-job-temp-allocator-reduction-small-platforms=262144"
    "memorysetup-temp-allocator-size-background-worker=32768"
    "memorysetup-temp-allocator-size-job-worker=262144"
    "memorysetup-temp-allocator-size-preload-manager=33554432"
    "memorysetup-temp-allocator-size-nav-mesh-worker=65536"
    "memorysetup-temp-allocator-size-audio-worker=65536"
    "memorysetup-temp-allocator-size-cloud-worker=32768"
    "memorysetup-temp-allocator-size-gi-baking-worker=262144"
    "memorysetup-temp-allocator-size-gfx=262144"
Refreshing native plugins compatible for Editor in 91.24 ms, found 3 plugins.
Preloading 0 native plugins for Editor in 0.00 ms.
Initialize engine version: 2021.2.7f1 (6bd9e232123f)
[Subsystems] Discovering subsystems at path C:/Program Files/Unity/Hub/Editor/2021.2.7f1/Editor/Data/Resources/UnitySubsystems
[Subsystems] Discovering subsystems at path C:/Users/nmela/Projects/Portfolios/UI Projects/Assets
GfxDevice: creating device client; threaded=0; jobified=0
Direct3D:
    Version:  Direct3D 11.0 [level 11.1]
    Renderer: AMD Radeon RX 6900 XT (ID=0x73bf)
    Vendor:   ATI
    VRAM:     16338 MB
    Driver:   30.0.14011.3017
Initialize mono
Mono path[0] = 'C:/Program Files/Unity/Hub/Editor/2021.2.7f1/Editor/Data/Managed'
Mono path[1] = 'C:/Program Files/Unity/Hub/Editor/2021.2.7f1/Editor/Data/MonoBleedingEdge/lib/mono/unityjit-win32'
Mono config path = 'C:/Program Files/Unity/Hub/Editor/2021.2.7f1/Editor/Data/MonoBleedingEdge/etc'
Using monoOptions --debugger-agent=transport=dt_socket,embedding=1,server=y,suspend=n,address=127.0.0.1:56832
Begin MonoManager ReloadAssembly
Registering precompiled unity dll's ...
Register platform support module: C:/Program Files/Unity/Hub/Editor/2021.2.7f1/Editor/Data/PlaybackEngines/WebGLSupport/UnityEditor.WebGL.Extensions.dll
Register platform support module: C:/Program Files/Unity/Hub/Editor/2021.2.7f1/Editor/Data/PlaybackEngines/WindowsStandaloneSupport/UnityEditor.WindowsStandalone.Extensions.dll
Registered in 0.009812 seconds.
Native extension for WindowsStandalone target not found
Native extension for WebGL target not found
Refreshing native plugins compatible for Editor in 88.41 ms, found 3 plugins.
Preloading 0 native plugins for Editor in 0.00 ms.
Mono: successfully reloaded assembly
- Completed reload, in  0.502 seconds
Domain Reload Profiling:
	ReloadAssembly (502ms)
		BeginReloadAssembly (63ms)
			ExecutionOrderSort (0ms)
			DisableScriptedObjects (0ms)
			BackupInstance (0ms)
			ReleaseScriptingObjects (0ms)
			CreateAndSetChildDomain (1ms)
		EndReloadAssembly (370ms)
			LoadAssemblies (61ms)
			RebuildTransferFunctionScriptingTraits (0ms)
			SetupTypeCache (75ms)
			ReleaseScriptCaches (0ms)
			RebuildScriptCaches (21ms)
			SetupLoadedEditorAssemblies (235ms)
				LogAssemblyErrors (0ms)
				InitializePlatformSupportModulesInManaged (13ms)
				SetLoadedEditorAssemblies (0ms)
				RefreshPlugins (89ms)
				BeforeProcessingInitializeOnLoad (1ms)
				ProcessInitializeOnLoadAttributes (99ms)
				ProcessInitializeOnLoadMethodAttributes (33ms)
				AfterProcessingInitializeOnLoad (0ms)
				EditorAssembliesLoaded (0ms)
			ExecutionOrderSort2 (0ms)
			AwakeInstancesAfterBackupRestoration (0ms)
Platform modules already initialized, skipping
Registering precompiled user dll's ...
Registered in 0.006438 seconds.
Begin MonoManager ReloadAssembly
Symbol file LoadedFromMemory doesn't match image C:\Users\nmela\Projects\Portfolios\UI Projects\Library\PackageCache\com.unity.visualscripting@1.7.6\Editor\VisualScripting.Core\Dependencies\YamlDotNet\Unity.VisualScripting.YamlDotNet.dll
Symbol file LoadedFromMemory doesn't match image C:\Users\nmela\Projects\Portfolios\UI Projects\Library\PackageCache\com.unity.visualscripting@1.7.6\Editor\VisualScripting.Core\Dependencies\DotNetZip\Unity.VisualScripting.IonicZip.dll
Native extension for WindowsStandalone target not found
Native extension for WebGL target not found
Refreshing native plugins compatible for Editor in 0.73 ms, found 3 plugins.
Preloading 0 native plugins for Editor in 0.00 ms.
Mono: successfully reloaded assembly
- Completed reload, in  0.739 seconds
Domain Reload Profiling:
	ReloadAssembly (739ms)
		BeginReloadAssembly (90ms)
			ExecutionOrderSort (0ms)
			DisableScriptedObjects (4ms)
			BackupInstance (0ms)
			ReleaseScriptingObjects (0ms)
			CreateAndSetChildDomain (17ms)
		EndReloadAssembly (576ms)
			LoadAssemblies (69ms)
			RebuildTransferFunctionScriptingTraits (0ms)
			SetupTypeCache (178ms)
			ReleaseScriptCaches (0ms)
			RebuildScriptCaches (36ms)
			SetupLoadedEditorAssemblies (269ms)
				LogAssemblyErrors (0ms)
				InitializePlatformSupportModulesInManaged (10ms)
				SetLoadedEditorAssemblies (0ms)
				RefreshPlugins (1ms)
				BeforeProcessingInitializeOnLoad (64ms)
				ProcessInitializeOnLoadAttributes (169ms)
				ProcessInitializeOnLoadMethodAttributes (16ms)
				AfterProcessingInitializeOnLoad (9ms)
				EditorAssembliesLoaded (0ms)
			ExecutionOrderSort2 (0ms)
			AwakeInstancesAfterBackupRestoration (4ms)
Platform modules already initialized, skipping
========================================================================
Worker process is ready to serve import requests
Launched and connected shader compiler UnityShaderCompiler.exe after 0.05 seconds
Refreshing native plugins compatible for Editor in 1.24 ms, found 3 plugins.
Preloading 0 native plugins for Editor in 0.00 ms.
Unloading 3400 Unused Serialized files (Serialized files now loaded: 0)
Unloading 27 unused Assets / (112.7 KB). Loaded Objects now: 3859.
Memory consumption went from 122.7 MB to 122.6 MB.
Total: 2.922700 ms (FindLiveObjects: 0.241300 ms CreateObjectMapping: 0.150000 ms MarkObjects: 2.430200 ms  DeleteObjects: 0.100500 ms)

AssetImportParameters requested are different than current active one (requested -> active):
  custom:video-decoder-ogg-theora: a1e56fd34408186e4bbccfd4996cb3dc -> 
  custom:container-muxer-webm: aa71ff27fc2769a1b78a27578f13a17b -> 
  custom:container-demuxer-webm: 4f35f7cbe854078d1ac9338744f61a02 -> 
  custom:video-encoder-webm-vp8: eb34c28f22e8b96e1ab97ce403110664 -> 
  custom:audio-encoder-webm-vorbis: bf7c407c2cedff20999df2af8eb42d56 -> 
  custom:framework-win-MediaFoundation: 216162199b28c13a410421893ffa2e32 -> 
  custom:container-demuxer-ogg: 62fdf1f143b41e24485cea50d1cbac27 -> 
  custom:video-decoder-webm-vp8: 9c59270c3fd7afecdb556c50c9e8de78 -> 
  custom:audio-decoder-ogg-vorbis: bf7c407c2cedff20999df2af8eb42d56 -> 
========================================================================
Received Import Request.
  Time since last request: 376513.374499 seconds.
  path: Assets/TextMesh Pro/Resources/Fonts & Materials/LiberationSans SDF.asset
  artifactKey: Guid(8f586378b4e144a9851e7b34d9b748ee) Importer(815301076,1909f56bfc062723c751e8b465ee728b)
Start importing Assets/TextMesh Pro/Resources/Fonts & Materials/LiberationSans SDF.asset using Guid(8f586378b4e144a9851e7b34d9b748ee) Importer(815301076,1909f56bfc062723c751e8b465ee728b)  -> (artifact id: 'a01ef99daaec3be6cdbe9df9e9dcb855') in 0.130514 seconds 
========================================================================
Received Import Request.
  Time since last request: 154.160952 seconds.
  path: Assets/GitIgnore/GUI PRO Kit - Fantasy RPG/ResourcesData/Sprites/Component/UI_Etc/notify_frame_red.png
  artifactKey: Guid(e78b69e89cdcd46d28129c02932f1ab1) Importer(815301076,1909f56bfc062723c751e8b465ee728b)
Start importing Assets/GitIgnore/GUI PRO Kit - Fantasy RPG/ResourcesData/Sprites/Component/UI_Etc/notify_frame_red.png using Guid(e78b69e89cdcd46d28129c02932f1ab1) Importer(815301076,1909f56bfc062723c751e8b465ee728b)  -> (artifact id: '43d1b043977136aa64bc08392b2c8771') in 0.038655 seconds 
========================================================================
Received Import Request.
  Time since last request: 0.000022 seconds.
  path: Assets/GitIgnore/GUI PRO Kit - Fantasy RPG/ResourcesData/Sprites/Component/UI_Etc/switch_off_frame.png
  artifactKey: Guid(b5067f417714c453ea06612b86874d4b) Importer(815301076,1909f56bfc062723c751e8b465ee728b)
Start importing Assets/GitIgnore/GUI PRO Kit - Fantasy RPG/ResourcesData/Sprites/Component/UI_Etc/switch_off_frame.png using Guid(b5067f417714c453ea06612b86874d4b) Importer(815301076,1909f56bfc062723c751e8b465ee728b)  -> (artifact id: 'd6bfc9e5380821f3899b71f8cc6bb310') in 0.015513 seconds 
========================================================================
Received Import Request.
  Time since last request: 0.000022 seconds.
  path: Assets/GitIgnore/GUI PRO Kit - Fantasy RPG/ResourcesData/Sprites/Component/UI_Etc/pagenavi_frame_left.png
  artifactKey: Guid(46600970a8b974d759d44405fa61eec7) Importer(815301076,1909f56bfc062723c751e8b465ee728b)
Start importing Assets/GitIgnore/GUI PRO Kit - Fantasy RPG/ResourcesData/Sprites/Component/UI_Etc/pagenavi_frame_left.png using Guid(46600970a8b974d759d44405fa61eec7) Importer(815301076,1909f56bfc062723c751e8b465ee728b)  -> (artifact id: '164f0874a22e627917591f8dbaaeb92f') in 0.025348 seconds 
========================================================================
Received Import Request.
  Time since last request: 0.000016 seconds.
  path: Assets/GitIgnore/GUI PRO Kit - Fantasy RPG/ResourcesData/Sprites/Component/UI_Etc/notify_small_dot.png
  artifactKey: Guid(9a75923d32717430b834f2afc6328cbd) Importer(815301076,1909f56bfc062723c751e8b465ee728b)
Start importing Assets/GitIgnore/GUI PRO Kit - Fantasy RPG/ResourcesData/Sprites/Component/UI_Etc/notify_small_dot.png using Guid(9a75923d32717430b834f2afc6328cbd) Importer(815301076,1909f56bfc062723c751e8b465ee728b)  -> (artifact id: '80e85d8c229c36ffd8b60a4c432ebe99') in 0.019260 seconds 
========================================================================
Received Import Request.
  Time since last request: 0.000021 seconds.
  path: Assets/GitIgnore/GUI PRO Kit - Fantasy RPG/ResourcesData/Sprites/Component/UI_Etc/pagenavi_frame_right.png
  artifactKey: Guid(b93eeb9129fde4411ae1d965b57b93c4) Importer(815301076,1909f56bfc062723c751e8b465ee728b)
Start importing Assets/GitIgnore/GUI PRO Kit - Fantasy RPG/ResourcesData/Sprites/Component/UI_Etc/pagenavi_frame_right.png using Guid(b93eeb9129fde4411ae1d965b57b93c4) Importer(815301076,1909f56bfc062723c751e8b465ee728b)  -> (artifact id: '3dbb16fb8fb340f1547b1148191e253e') in 0.020471 seconds 
========================================================================
Received Import Request.
  Time since last request: 0.000016 seconds.
  path: Assets/GitIgnore/GUI PRO Kit - Fantasy RPG/ResourcesData/Sprites/Component/UI_Etc/status_frame.png
  artifactKey: Guid(743fc551622034093a11efcbcb9d49fc) Importer(815301076,1909f56bfc062723c751e8b465ee728b)
Start importing Assets/GitIgnore/GUI PRO Kit - Fantasy RPG/ResourcesData/Sprites/Component/UI_Etc/status_frame.png using Guid(743fc551622034093a11efcbcb9d49fc) Importer(815301076,1909f56bfc062723c751e8b465ee728b)  -> (artifact id: 'ada3d695f80fe1a6bf1dd9b3e221e327') in 0.010268 seconds 
========================================================================
Received Import Request.
  Time since last request: 0.000015 seconds.
  path: Assets/GitIgnore/GUI PRO Kit - Fantasy RPG/ResourcesData/Sprites/Component/UI_Etc/status_icon_energy.png
  artifactKey: Guid(d2b25fbb97c8641cdbe1c030a8b8966f) Importer(815301076,1909f56bfc062723c751e8b465ee728b)
Start importing Assets/GitIgnore/GUI PRO Kit - Fantasy RPG/ResourcesData/Sprites/Component/UI_Etc/status_icon_energy.png using Guid(d2b25fbb97c8641cdbe1c030a8b8966f) Importer(815301076,1909f56bfc062723c751e8b465ee728b)  -> (artifact id: 'e2931aee6dd77570ca472705c479985a') in 0.010782 seconds 
========================================================================
Received Import Request.
  Time since last request: 0.000016 seconds.
  path: Assets/GitIgnore/GUI PRO Kit - Fantasy RPG/ResourcesData/Sprites/Component/UI_Etc/switch_on_frame.png
  artifactKey: Guid(403ebae645e904940babfac55dbb3184) Importer(815301076,1909f56bfc062723c751e8b465ee728b)
Start importing Assets/GitIgnore/GUI PRO Kit - Fantasy RPG/ResourcesData/Sprites/Component/UI_Etc/switch_on_frame.png using Guid(403ebae645e904940babfac55dbb3184) Importer(815301076,1909f56bfc062723c751e8b465ee728b)  -> (artifact id: '14cdefe5a9995de569f56762666c489c') in 0.010802 seconds 
========================================================================
Received Import Request.
  Time since last request: 0.000014 seconds.
  path: Assets/GitIgnore/GUI PRO Kit - Fantasy RPG/ResourcesData/Sprites/Component/UI_Etc/toggle_checkbox_off.png
  artifactKey: Guid(d1e42930e47b941418a1fc1bfd8345af) Importer(815301076,1909f56bfc062723c751e8b465ee728b)
Start importing Assets/GitIgnore/GUI PRO Kit - Fantasy RPG/ResourcesData/Sprites/Component/UI_Etc/toggle_checkbox_off.png using Guid(d1e42930e47b941418a1fc1bfd8345af) Importer(815301076,1909f56bfc062723c751e8b465ee728b)  -> (artifact id: '02488d47cf1359a298415fef079fbb03') in 0.009999 seconds 
========================================================================
Received Import Request.
  Time since last request: 3.689669 seconds.
  path: Assets/GitIgnore/GUI PRO Kit - Fantasy RPG/ResourcesData/Sprites/Component/Slider/slider_icontype_01_icon1.png
  artifactKey: Guid(bfd40f7ed4e034279ad22c24a540fdbb) Importer(815301076,1909f56bfc062723c751e8b465ee728b)
Start importing Assets/GitIgnore/GUI PRO Kit - Fantasy RPG/ResourcesData/Sprites/Component/Slider/slider_icontype_01_icon1.png using Guid(bfd40f7ed4e034279ad22c24a540fdbb) Importer(815301076,1909f56bfc062723c751e8b465ee728b)  -> (artifact id: 'f840ac97eb84f2b1098281e3bce16115') in 0.011556 seconds 
========================================================================
Received Import Request.
  Time since last request: 0.000013 seconds.
  path: Assets/GitIgnore/GUI PRO Kit - Sci-Fi/ResourcesData/Sprite/Component/Toggle/Toggle_Switch_On_Frame.png
  artifactKey: Guid(3e3d9a2ab4efd453584bcefdce9ff684) Importer(815301076,1909f56bfc062723c751e8b465ee728b)
Start importing Assets/GitIgnore/GUI PRO Kit - Sci-Fi/ResourcesData/Sprite/Component/Toggle/Toggle_Switch_On_Frame.png using Guid(3e3d9a2ab4efd453584bcefdce9ff684) Importer(815301076,1909f56bfc062723c751e8b465ee728b)  -> (artifact id: '9c0296e02b0ded84c600f1fa6fcbfff5') in 0.035593 seconds 
========================================================================
Received Import Request.
  Time since last request: 0.000021 seconds.
  path: Assets/GitIgnore/GUI PRO Kit - Sci-Fi/ResourcesData/Sprite/Demo/Demo_LanguageFlag/Smicon_Languageflag_Small02_Ukr.Png
  artifactKey: Guid(44047bb52ad1740a6ae814a570072164) Importer(815301076,1909f56bfc062723c751e8b465ee728b)
Start importing Assets/GitIgnore/GUI PRO Kit - Sci-Fi/ResourcesData/Sprite/Demo/Demo_LanguageFlag/Smicon_Languageflag_Small02_Ukr.Png using Guid(44047bb52ad1740a6ae814a570072164) Importer(815301076,1909f56bfc062723c751e8b465ee728b)  -> (artifact id: '3af08a85855e23e690f6f5898501c120') in 0.015824 seconds 
========================================================================
Received Import Request.
  Time since last request: 0.000018 seconds.
  path: Assets/GitIgnore/GUI PRO Kit - Fantasy RPG/ResourcesData/Sprites/Component/Slider/slider_icontype_03_icon_s.png
  artifactKey: Guid(b7eb20b8000874c86868f17d396b1176) Importer(815301076,1909f56bfc062723c751e8b465ee728b)
Start importing Assets/GitIgnore/GUI PRO Kit - Fantasy RPG/ResourcesData/Sprites/Component/Slider/slider_icontype_03_icon_s.png using Guid(b7eb20b8000874c86868f17d396b1176) Importer(815301076,1909f56bfc062723c751e8b465ee728b)  -> (artifact id: '677d54a583baf166877aa04d9154bbf9') in 0.014376 seconds 
========================================================================
Received Import Request.
  Time since last request: 0.000017 seconds.
  path: Assets/GitIgnore/GUI PRO Kit - Sci-Fi/ResourcesData/Sprite/Component/Toggle/Toggle_Switch_On_Handle.png
  artifactKey: Guid(3a2ff0e3f71f243c981673ca7d26b519) Importer(815301076,1909f56bfc062723c751e8b465ee728b)
Start importing Assets/GitIgnore/GUI PRO Kit - Sci-Fi/ResourcesData/Sprite/Component/Toggle/Toggle_Switch_On_Handle.png using Guid(3a2ff0e3f71f243c981673ca7d26b519) Importer(815301076,1909f56bfc062723c751e8b465ee728b)  -> (artifact id: '605f749eddf0092eba927441ac39ecec') in 0.021323 seconds 
========================================================================
Received Import Request.
  Time since last request: 0.000017 seconds.
  path: Assets/GitIgnore/GUI PRO Kit - Sci-Fi/ResourcesData/Sprite/Component/Toggle/Toggle_Switch_White6.png
  artifactKey: Guid(9ba5fa90c31b748e09722c112778eefc) Importer(815301076,1909f56bfc062723c751e8b465ee728b)
Start importing Assets/GitIgnore/GUI PRO Kit - Sci-Fi/ResourcesData/Sprite/Component/Toggle/Toggle_Switch_White6.png using Guid(9ba5fa90c31b748e09722c112778eefc) Importer(815301076,1909f56bfc062723c751e8b465ee728b)  -> (artifact id: '0bdf83b873945cc7ff4270e88da66d1d') in 0.018870 seconds 
========================================================================
Received Import Request.
  Time since last request: 0.000017 seconds.
  path: Assets/GitIgnore/GUI PRO Kit - Sci-Fi/ResourcesData/Sprite/Component/Toggle/Toggle_Check_White2.png
  artifactKey: Guid(ec228022df5424740b807587645b6a8a) Importer(815301076,1909f56bfc062723c751e8b465ee728b)
Start importing Assets/GitIgnore/GUI PRO Kit - Sci-Fi/ResourcesData/Sprite/Component/Toggle/Toggle_Check_White2.png using Guid(ec228022df5424740b807587645b6a8a) Importer(815301076,1909f56bfc062723c751e8b465ee728b)  -> (artifact id: 'fa66ffeb880a5e84ad2fad840c75b4e6') in 0.016849 seconds 
========================================================================
Received Import Request.
  Time since last request: 0.000016 seconds.
  path: Assets/GitIgnore/GUI PRO Kit - Sci-Fi/ResourcesData/Sprite/Component/Toggle/Toggle_Check_Off.png
  artifactKey: Guid(fb6e7b28a89f24d34bcd2cd8e98a9abf) Importer(815301076,1909f56bfc062723c751e8b465ee728b)
Start importing Assets/GitIgnore/GUI PRO Kit - Sci-Fi/ResourcesData/Sprite/Component/Toggle/Toggle_Check_Off.png using Guid(fb6e7b28a89f24d34bcd2cd8e98a9abf) Importer(815301076,1909f56bfc062723c751e8b465ee728b)  -> (artifact id: 'f627c92e18dfbabdc5494d6c1c739947') in 0.014863 seconds 
========================================================================
Received Import Request.
  Time since last request: 0.000020 seconds.
  path: Assets/GitIgnore/GUI PRO Kit - Fantasy RPG/ResourcesData/Sprites/Component/Slider/slider_icontype_03_frame.png
  artifactKey: Guid(36f6d527895d64d56918a3385c073cb6) Importer(815301076,1909f56bfc062723c751e8b465ee728b)
Start importing Assets/GitIgnore/GUI PRO Kit - Fantasy RPG/ResourcesData/Sprites/Component/Slider/slider_icontype_03_frame.png using Guid(36f6d527895d64d56918a3385c073cb6) Importer(815301076,1909f56bfc062723c751e8b465ee728b)  -> (artifact id: 'eaee7e96f07af7c027f46b309d3d427d') in 0.013714 seconds 
========================================================================
Received Import Request.
  Time since last request: 0.000017 seconds.
  path: Assets/GitIgnore/GUI PRO Kit - Sci-Fi/ResourcesData/Sprite/Component/Toggle/Toggle_Switch_White2.png
  artifactKey: Guid(2116c25ded2214dac8e5a96b3e630b7d) Importer(815301076,1909f56bfc062723c751e8b465ee728b)
Start importing Assets/GitIgnore/GUI PRO Kit - Sci-Fi/ResourcesData/Sprite/Component/Toggle/Toggle_Switch_White2.png using Guid(2116c25ded2214dac8e5a96b3e630b7d) Importer(815301076,1909f56bfc062723c751e8b465ee728b)  -> (artifact id: '367bce3c44ad8638e12e515f24774de2') in 0.016580 seconds 
========================================================================
Received Import Request.
  Time since last request: 0.000019 seconds.
  path: Assets/GitIgnore/GUI PRO Kit - Sci-Fi/ResourcesData/Sprite/Component/Toggle/Toggle_Radio_White1_Off1.png
  artifactKey: Guid(3b6a4a2014f9a4fc9baa6a6fb9789515) Importer(815301076,1909f56bfc062723c751e8b465ee728b)
Start importing Assets/GitIgnore/GUI PRO Kit - Sci-Fi/ResourcesData/Sprite/Component/Toggle/Toggle_Radio_White1_Off1.png using Guid(3b6a4a2014f9a4fc9baa6a6fb9789515) Importer(815301076,1909f56bfc062723c751e8b465ee728b)  -> (artifact id: '6e45088736001197317bb324f5f732b0') in 0.013936 seconds 
========================================================================
Received Import Request.
  Time since last request: 0.000017 seconds.
  path: Assets/GitIgnore/GUI PRO Kit - Sci-Fi/ResourcesData/Sprite/Component/Toggle/Toggle_Switch_Off_Handle.png
  artifactKey: Guid(a521a16f50bfc46d7aa584b5515ced5b) Importer(815301076,1909f56bfc062723c751e8b465ee728b)
Start importing Assets/GitIgnore/GUI PRO Kit - Sci-Fi/ResourcesData/Sprite/Component/Toggle/Toggle_Switch_Off_Handle.png using Guid(a521a16f50bfc46d7aa584b5515ced5b) Importer(815301076,1909f56bfc062723c751e8b465ee728b)  -> (artifact id: '879081be8176aca8e41715731d4cf740') in 0.014751 seconds 
========================================================================
Received Import Request.
  Time since last request: 4.171437 seconds.
  path: Assets/GitIgnore/GUI PRO Kit - Sci-Fi/ResourcesData/Sprite/Component/Icon_FunctionIcons(x2)/64/Icon_Symbol_Plus.Png
  artifactKey: Guid(8a2fe918050f34da38038dcbfe6f959e) Importer(815301076,1909f56bfc062723c751e8b465ee728b)
Start importing Assets/GitIgnore/GUI PRO Kit - Sci-Fi/ResourcesData/Sprite/Component/Icon_FunctionIcons(x2)/64/Icon_Symbol_Plus.Png using Guid(8a2fe918050f34da38038dcbfe6f959e) Importer(815301076,1909f56bfc062723c751e8b465ee728b)  -> (artifact id: 'd4211b5a161f405eff8060a91e31bc48') in 0.023618 seconds 
========================================================================
Received Import Request.
  Time since last request: 69.682092 seconds.
  path: Assets/GitIgnore/GUI PRO Kit - Fantasy RPG/ResourcesData/Sprites/Component/Icon_ItemIcons_(Original)/icon_itemicon_gift2.png
  artifactKey: Guid(d5f65cb6859994225be8e7c17b649e0a) Importer(815301076,1909f56bfc062723c751e8b465ee728b)
Start importing Assets/GitIgnore/GUI PRO Kit - Fantasy RPG/ResourcesData/Sprites/Component/Icon_ItemIcons_(Original)/icon_itemicon_gift2.png using Guid(d5f65cb6859994225be8e7c17b649e0a) Importer(815301076,1909f56bfc062723c751e8b465ee728b)  -> (artifact id: '51ade7d035aa09c7aeb7ae7833f7328b') in 0.024799 seconds 
========================================================================
Received Import Request.
  Time since last request: 0.000019 seconds.
  path: Assets/GitIgnore/GUI PRO Kit - Fantasy RPG/ResourcesData/Sprites/Component/Icon_ItemIcons_(Original)/icon_itemicon_jewel3_blue.png
  artifactKey: Guid(3b6b568ee5936411984359316412b01d) Importer(815301076,1909f56bfc062723c751e8b465ee728b)
Start importing Assets/GitIgnore/GUI PRO Kit - Fantasy RPG/ResourcesData/Sprites/Component/Icon_ItemIcons_(Original)/icon_itemicon_jewel3_blue.png using Guid(3b6b568ee5936411984359316412b01d) Importer(815301076,1909f56bfc062723c751e8b465ee728b)  -> (artifact id: 'cef951432d8e6d23feaeaf9efb62d552') in 0.018417 seconds 
========================================================================
Received Import Request.
  Time since last request: 0.000016 seconds.
  path: Assets/GitIgnore/GUI PRO Kit - Fantasy RPG/ResourcesData/Sprites/Component/Icon_ItemIcons_(Original)/icon_itemicon_jewel2_purple.png
  artifactKey: Guid(d922d2a82a75048f589b20d15ae0ee95) Importer(815301076,1909f56bfc062723c751e8b465ee728b)
Start importing Assets/GitIgnore/GUI PRO Kit - Fantasy RPG/ResourcesData/Sprites/Component/Icon_ItemIcons_(Original)/icon_itemicon_jewel2_purple.png using Guid(d922d2a82a75048f589b20d15ae0ee95) Importer(815301076,1909f56bfc062723c751e8b465ee728b)  -> (artifact id: '6c1b7d8406183ddd08d2ee5406d4e0ee') in 0.014143 seconds 
========================================================================
Received Import Request.
  Time since last request: 0.000021 seconds.
  path: Assets/GitIgnore/GUI PRO Kit - Fantasy RPG/ResourcesData/Sprites/Component/Icon_ItemIcons_(Original)/icon_itemicon_jewel2_red.png
  artifactKey: Guid(7a801e38ca8944cefabbae9b96e97e9d) Importer(815301076,1909f56bfc062723c751e8b465ee728b)
Start importing Assets/GitIgnore/GUI PRO Kit - Fantasy RPG/ResourcesData/Sprites/Component/Icon_ItemIcons_(Original)/icon_itemicon_jewel2_red.png using Guid(7a801e38ca8944cefabbae9b96e97e9d) Importer(815301076,1909f56bfc062723c751e8b465ee728b)  -> (artifact id: 'ea59ff788e343ed5664e0a5af4bc6ed8') in 0.015209 seconds 
========================================================================
Received Import Request.
  Time since last request: 3.433434 seconds.
  path: Assets/GitIgnore/GUI PRO Kit - Fantasy RPG/ResourcesData/Sprites/Component/Icon_ItemIcons_(Original)/icon_itemicon_jewel3_purple.png
  artifactKey: Guid(7b68dc7e40c7e49ec84ac88cee279514) Importer(815301076,1909f56bfc062723c751e8b465ee728b)
Start importing Assets/GitIgnore/GUI PRO Kit - Fantasy RPG/ResourcesData/Sprites/Component/Icon_ItemIcons_(Original)/icon_itemicon_jewel3_purple.png using Guid(7b68dc7e40c7e49ec84ac88cee279514) Importer(815301076,1909f56bfc062723c751e8b465ee728b)  -> (artifact id: '356280f867fa5199c8d8a986a49824e5') in 0.013624 seconds 
========================================================================
Received Import Request.
  Time since last request: 4.107525 seconds.
  path: Assets/GitIgnore/GUI PRO Kit - Fantasy RPG/ResourcesData/Sprites/Component/UI_Etc/InputField_icon_lock.png
  artifactKey: Guid(74f81b5d8ffac42749ba4c0d9650dc59) Importer(815301076,1909f56bfc062723c751e8b465ee728b)
Start importing Assets/GitIgnore/GUI PRO Kit - Fantasy RPG/ResourcesData/Sprites/Component/UI_Etc/InputField_icon_lock.png using Guid(74f81b5d8ffac42749ba4c0d9650dc59) Importer(815301076,1909f56bfc062723c751e8b465ee728b)  -> (artifact id: '6acc2d4c582b68d526206b74e285f80e') in 0.021249 seconds 
Editor requested this worker to shutdown with reason: Scaling down because of idle timeout
AssetImportWorker is now disconnected from the server
Process exiting
Exiting without the bug reporter. Application will terminate with return code 0